<?xml version="1.0" encoding="UTF-8"?>
<testsuite xmlns:xsi="http://www.w3.org/2001/XMLSchema-instance" xsi:noNamespaceSchemaLocation="https://maven.apache.org/surefire/maven-surefire-plugin/xsd/surefire-test-report-3.0.xsd" version="3.0" name="za.co.telkom.bpmn.test.PushTest" time="25.851" tests="1" errors="0" skipped="0" failures="0">
  <properties>
[...]
</properties>
  <testcase name="push_notification_happy" classname="za.co.telkom.bpmn.test.PushTest" time="22.611">
    <system-out><![CDATA[
  .   ____          _            __ _ _
 /\\ / ___'_ __ _ _(_)_ __  __ _ \ \ \ \
( ( )\___ | '_ | '_| | '_ \/ _` | \ \ \ \
 \\/  ___)| |_)| | | | | || (_| |  ) ) ) )
  '  |____| .__|_| |_|_| |_\__, | / / / /
 =========|_|==============|___/=/_/_/_/
 :: Spring Boot ::                (v3.2.3)

2024-07-25T08:53:03.484+02:00  INFO 323872 --- [           main] za.co.telkom.bpmn.test.PushTest          : Starting PushTest using Java 21.0.3 with PID 323872 (started by keleper in /home/keleper/Telkom/push_notification_bpmn/push-notification-workflow)
2024-07-25T08:53:03.486+02:00  INFO 323872 --- [           main] za.co.telkom.bpmn.test.PushTest          : No active profile set, falling back to 1 default profile: "default"
2024-07-25T08:53:04.581+02:00  WARN 323872 --- [           main] trationDelegate$BeanPostProcessorChecker : Bean 'io.camunda.zeebe.spring.client.annotation.processor.AnnotationProcessorConfiguration' of type [io.camunda.zeebe.spring.client.annotation.processor.AnnotationProcessorConfiguration] is not eligible for getting processed by all BeanPostProcessors (for example: not eligible for auto-proxying). The currently created BeanPostProcessor [zeebeAnnotationProcessorRegistry] is declared through a non-static factory method on that class; consider declaring it as static instead.
2024-07-25T08:53:04.583+02:00  WARN 323872 --- [           main] trationDelegate$BeanPostProcessorChecker : Bean 'io.camunda.connector.runtime.outbound.OutboundConnectorRuntimeConfiguration' of type [io.camunda.connector.runtime.outbound.OutboundConnectorRuntimeConfiguration$$SpringCGLIB$$0] is not eligible for getting processed by all BeanPostProcessors (for example: not eligible for auto-proxying). Is this bean getting eagerly injected into a currently created BeanPostProcessor [zeebeAnnotationProcessorRegistry]? Check the corresponding BeanPostProcessor declaration and its dependencies.
2024-07-25T08:53:04.628+02:00  WARN 323872 --- [           main] trationDelegate$BeanPostProcessorChecker : Bean 'zeebe.client-io.camunda.zeebe.spring.client.properties.ZeebeClientConfigurationProperties' of type [io.camunda.zeebe.spring.client.properties.ZeebeClientConfigurationProperties] is not eligible for getting processed by all BeanPostProcessors (for example: not eligible for auto-proxying). Is this bean getting eagerly injected into a currently created BeanPostProcessor [zeebeAnnotationProcessorRegistry]? Check the corresponding BeanPostProcessor declaration and its dependencies.
2024-07-25T08:53:04.629+02:00  WARN 323872 --- [           main] trationDelegate$BeanPostProcessorChecker : Bean 'io.camunda.zeebe.spring.client.configuration.ZeebeClientAllAutoConfiguration' of type [io.camunda.zeebe.spring.client.configuration.ZeebeClientAllAutoConfiguration] is not eligible for getting processed by all BeanPostProcessors (for example: not eligible for auto-proxying). Is this bean getting eagerly injected into a currently created BeanPostProcessor [zeebeAnnotationProcessorRegistry]? Check the corresponding BeanPostProcessor declaration and its dependencies.
2024-07-25T08:53:04.631+02:00  WARN 323872 --- [           main] trationDelegate$BeanPostProcessorChecker : Bean 'zeebeClientExecutorService' of type [io.camunda.zeebe.spring.client.jobhandling.ZeebeClientExecutorService] is not eligible for getting processed by all BeanPostProcessors (for example: not eligible for auto-proxying). Is this bean getting eagerly injected into a currently created BeanPostProcessor [zeebeAnnotationProcessorRegistry]? Check the corresponding BeanPostProcessor declaration and its dependencies.
2024-07-25T08:53:04.635+02:00  WARN 323872 --- [           main] trationDelegate$BeanPostProcessorChecker : Bean 'commandExceptionHandlingStrategy' of type [io.camunda.zeebe.spring.client.jobhandling.DefaultCommandExceptionHandlingStrategy] is not eligible for getting processed by all BeanPostProcessors (for example: not eligible for auto-proxying). Is this bean getting eagerly injected into a currently created BeanPostProcessor [zeebeAnnotationProcessorRegistry]? Check the corresponding BeanPostProcessor declaration and its dependencies.
2024-07-25T08:53:04.636+02:00  WARN 323872 --- [           main] trationDelegate$BeanPostProcessorChecker : Bean 'io.camunda.zeebe.spring.client.CamundaAutoConfiguration' of type [io.camunda.zeebe.spring.client.CamundaAutoConfiguration$$SpringCGLIB$$0] is not eligible for getting processed by all BeanPostProcessors (for example: not eligible for auto-proxying). Is this bean getting eagerly injected into a currently created BeanPostProcessor [zeebeAnnotationProcessorRegistry]? Check the corresponding BeanPostProcessor declaration and its dependencies.
2024-07-25T08:53:04.641+02:00  WARN 323872 --- [           main] trationDelegate$BeanPostProcessorChecker : Bean 'io.camunda.connector.runtime.OutboundConnectorsAutoConfiguration' of type [io.camunda.connector.runtime.OutboundConnectorsAutoConfiguration] is not eligible for getting processed by all BeanPostProcessors (for example: not eligible for auto-proxying). Is this bean getting eagerly injected into a currently created BeanPostProcessor [zeebeAnnotationProcessorRegistry]? Check the corresponding BeanPostProcessor declaration and its dependencies.
2024-07-25T08:53:04.787+02:00  INFO 323872 --- [           main] org.camunda.feel.FeelEngine              : Engine created. [value-mapper: CompositeValueMapper(List(org.camunda.feel.impl.JavaValueMapper@58c42c8c)), function-provider: io.camunda.connector.feel.FeelConnectorFunctionProvider@7a814310, clock: SystemClock, configuration: {externalFunctionsEnabled: false}]
2024-07-25T08:53:04.863+02:00  INFO 323872 --- [           main] org.camunda.feel.FeelEngine              : Engine created. [value-mapper: CompositeValueMapper(List(org.camunda.feel.impl.JavaValueMapper@42aa1324)), function-provider: io.camunda.connector.feel.FeelConnectorFunctionProvider@6164e137, clock: SystemClock, configuration: {externalFunctionsEnabled: false}]
2024-07-25T08:53:04.873+02:00  WARN 323872 --- [           main] trationDelegate$BeanPostProcessorChecker : Bean 'objectMapper' of type [com.fasterxml.jackson.databind.json.JsonMapper] is not eligible for getting processed by all BeanPostProcessors (for example: not eligible for auto-proxying). Is this bean getting eagerly injected into a currently created BeanPostProcessor [zeebeAnnotationProcessorRegistry]? Check the corresponding BeanPostProcessor declaration and its dependencies.
2024-07-25T08:53:04.875+02:00  WARN 323872 --- [           main] trationDelegate$BeanPostProcessorChecker : Bean 'zeebeJsonMapper' of type [io.camunda.zeebe.client.impl.ZeebeObjectMapper] is not eligible for getting processed by all BeanPostProcessors (for example: not eligible for auto-proxying). Is this bean getting eagerly injected into a currently created BeanPostProcessor [zeebeAnnotationProcessorRegistry]? Check the corresponding BeanPostProcessor declaration and its dependencies.
2024-07-25T08:53:04.876+02:00  WARN 323872 --- [           main] trationDelegate$BeanPostProcessorChecker : Bean 'io.camunda.zeebe.spring.client.configuration.ZeebeActuatorConfiguration' of type [io.camunda.zeebe.spring.client.configuration.ZeebeActuatorConfiguration] is not eligible for getting processed by all BeanPostProcessors (for example: not eligible for auto-proxying). Is this bean getting eagerly injected into a currently created BeanPostProcessor [zeebeAnnotationProcessorRegistry]? Check the corresponding BeanPostProcessor declaration and its dependencies.
2024-07-25T08:53:04.898+02:00  INFO 323872 --- [           main] i.c.z.s.c.a.MicrometerMetricsRecorder    : Enabling Micrometer based metrics for spring-zeebe (available via Actuator)
2024-07-25T08:53:04.899+02:00  WARN 323872 --- [           main] trationDelegate$BeanPostProcessorChecker : Bean 'micrometerMetricsRecorder' of type [io.camunda.zeebe.spring.client.actuator.MicrometerMetricsRecorder] is not eligible for getting processed by all BeanPostProcessors (for example: not eligible for auto-proxying). Is this bean getting eagerly injected into a currently created BeanPostProcessor [zeebeAnnotationProcessorRegistry]? Check the corresponding BeanPostProcessor declaration and its dependencies.
2024-07-25T08:53:04.901+02:00  WARN 323872 --- [           main] trationDelegate$BeanPostProcessorChecker : Bean 'jobWorkerManager' of type [io.camunda.zeebe.spring.client.jobhandling.JobWorkerManager] is not eligible for getting processed by all BeanPostProcessors (for example: not eligible for auto-proxying). Is this bean getting eagerly injected into a currently created BeanPostProcessor [zeebeAnnotationProcessorRegistry]? Check the corresponding BeanPostProcessor declaration and its dependencies.
2024-07-25T08:53:04.911+02:00  WARN 323872 --- [           main] trationDelegate$BeanPostProcessorChecker : Bean 'outboundConnectorFactory' of type [io.camunda.connector.runtime.core.outbound.DefaultOutboundConnectorFactory] is not eligible for getting processed by all BeanPostProcessors (for example: not eligible for auto-proxying). Is this bean getting eagerly injected into a currently created BeanPostProcessor [zeebeAnnotationProcessorRegistry]? Check the corresponding BeanPostProcessor declaration and its dependencies.
2024-07-25T08:53:04.913+02:00  INFO 323872 --- [           main] .c.c.r.e.SpringEnvironmentSecretProvider : No prefix has been configured, all environment variables are available as connector secrets
2024-07-25T08:53:04.913+02:00  WARN 323872 --- [           main] trationDelegate$BeanPostProcessorChecker : Bean 'defaultSecretProvider' of type [io.camunda.connector.runtime.env.SpringEnvironmentSecretProvider] is not eligible for getting processed by all BeanPostProcessors (for example: not eligible for auto-proxying). Is this bean getting eagerly injected into a currently created BeanPostProcessor [zeebeAnnotationProcessorRegistry]? Check the corresponding BeanPostProcessor declaration and its dependencies.
2024-07-25T08:53:04.915+02:00  WARN 323872 --- [           main] trationDelegate$BeanPostProcessorChecker : Bean 'springSecretProviderAggregator' of type [io.camunda.connector.runtime.core.secret.SecretProviderAggregator] is not eligible for getting processed by all BeanPostProcessors (for example: not eligible for auto-proxying). Is this bean getting eagerly injected into a currently created BeanPostProcessor [zeebeAnnotationProcessorRegistry]? Check the corresponding BeanPostProcessor declaration and its dependencies.
2024-07-25T08:53:04.918+02:00  WARN 323872 --- [           main] trationDelegate$BeanPostProcessorChecker : Bean 'outboundConnectorManager' of type [io.camunda.connector.runtime.outbound.lifecycle.OutboundConnectorManager] is not eligible for getting processed by all BeanPostProcessors (for example: not eligible for auto-proxying). Is this bean getting eagerly injected into a currently created BeanPostProcessor [zeebeAnnotationProcessorRegistry]? Check the corresponding BeanPostProcessor declaration and its dependencies.
2024-07-25T08:53:04.919+02:00  WARN 323872 --- [           main] trationDelegate$BeanPostProcessorChecker : Bean 'annotationProcessor' of type [io.camunda.connector.runtime.outbound.lifecycle.OutboundConnectorAnnotationProcessor] is not eligible for getting processed by all BeanPostProcessors (for example: not eligible for auto-proxying). Is this bean getting eagerly injected into a currently created BeanPostProcessor [zeebeAnnotationProcessorRegistry]? Check the corresponding BeanPostProcessor declaration and its dependencies.
2024-07-25T08:53:04.920+02:00  WARN 323872 --- [           main] trationDelegate$BeanPostProcessorChecker : Bean 'deploymentPostProcessor' of type [io.camunda.zeebe.spring.client.annotation.processor.ZeebeDeploymentAnnotationProcessor] is not eligible for getting processed by all BeanPostProcessors (for example: not eligible for auto-proxying). Is this bean getting eagerly injected into a currently created BeanPostProcessor [zeebeAnnotationProcessorRegistry]? Check the corresponding BeanPostProcessor declaration and its dependencies.
2024-07-25T08:53:04.921+02:00  WARN 323872 --- [           main] trationDelegate$BeanPostProcessorChecker : Bean 'propertyBasedZeebeWorkerValueCustomizer' of type [io.camunda.zeebe.spring.client.properties.PropertyBasedZeebeWorkerValueCustomizer] is not eligible for getting processed by all BeanPostProcessors (for example: not eligible for auto-proxying). Is this bean getting eagerly injected into a currently created BeanPostProcessor [zeebeAnnotationProcessorRegistry]? Check the corresponding BeanPostProcessor declaration and its dependencies.
2024-07-25T08:53:04.923+02:00  WARN 323872 --- [           main] trationDelegate$BeanPostProcessorChecker : Bean 'zeebeWorkerPostProcessor' of type [io.camunda.zeebe.spring.client.annotation.processor.ZeebeWorkerAnnotationProcessor] is not eligible for getting processed by all BeanPostProcessors (for example: not eligible for auto-proxying). Is this bean getting eagerly injected into a currently created BeanPostProcessor [zeebeAnnotationProcessorRegistry]? Check the corresponding BeanPostProcessor declaration and its dependencies.
2024-07-25T08:53:05.078+02:00  INFO 323872 --- [           main] o.s.b.w.embedded.tomcat.TomcatWebServer  : Tomcat initialized with port 8080 (http)
2024-07-25T08:53:05.088+02:00  INFO 323872 --- [           main] o.apache.catalina.core.StandardService   : Starting service [Tomcat]
2024-07-25T08:53:05.088+02:00  INFO 323872 --- [           main] o.apache.catalina.core.StandardEngine    : Starting Servlet engine: [Apache Tomcat/10.1.19]
2024-07-25T08:53:05.142+02:00  INFO 323872 --- [           main] o.a.c.c.C.[Tomcat].[localhost].[/]       : Initializing Spring embedded WebApplicationContext
2024-07-25T08:53:05.143+02:00  INFO 323872 --- [           main] w.s.c.ServletWebServerApplicationContext : Root WebApplicationContext: initialization completed in 1441 ms
2024-07-25T08:53:05.278+02:00  INFO 323872 --- [           main] c.a.p.ZeebeDeploymentAnnotationProcessor : Configuring deployment: ZeebeDeploymentValue{resources=[classpath*:/processes/**/*.bpmn], beanInfo=io.camunda.zeebe.spring.client.bean.ClassInfo@7f70e244}
2024-07-25T08:53:05.300+02:00  INFO 323872 --- [           main] z.s.c.a.p.ZeebeWorkerAnnotationProcessor : Configuring 1 Zeebe worker(s) of bean 'nothingWorker': [ZeebeWorkerValue{type='do_nothing', name='nothingWorker#doNothing', timeout=-1, maxJobsActive=-1, requestTimeout=-1, pollInterval=-1, autoComplete=true, fetchVariables=[], enabled=true, methodInfo=io.camunda.zeebe.spring.client.bean.MethodInfo@7c9ea1d0}]
2024-07-25T08:53:05.555+02:00  WARN 323872 --- [           main] o.s.b.a.m.MustacheAutoConfiguration      : Cannot find template location: classpath:/templates/ (please add some templates, check your Mustache configuration, or set spring.mustache.check-template-location=false)
2024-07-25T08:53:05.566+02:00  INFO 323872 --- [           main] org.camunda.feel.FeelEngine              : Engine created. [value-mapper: CompositeValueMapper(List(org.camunda.feel.impl.JavaValueMapper@66dd04e2)), function-provider: io.camunda.connector.feel.FeelConnectorFunctionProvider@495e8a3, clock: SystemClock, configuration: {externalFunctionsEnabled: false}]
2024-07-25T08:53:05.619+02:00 ERROR 323872 --- [           main] i.c.c.auth.DefaultNoopAuthentication     : Unable to determine authentication. Please check your configuration
2024-07-25T08:53:05.808+02:00  INFO 323872 --- [           main] org.ehcache.core.EhcacheManager          : Cache 'tokenCache' created in EhcacheManager.
2024-07-25T08:53:05.981+02:00  INFO 323872 --- [           main] o.s.b.a.e.web.EndpointLinksResolver      : Exposing 1 endpoint(s) beneath base path '/actuator'
2024-07-25T08:53:06.092+02:00  INFO 323872 --- [           main] o.s.b.w.embedded.tomcat.TomcatWebServer  : Tomcat started on port 8080 (http) with context path ''
2024-07-25T08:53:06.106+02:00  INFO 323872 --- [           main] za.co.telkom.bpmn.test.PushTest          : Started PushTest in 2.854 seconds (process running for 3.498)
2024-07-25T08:53:06.173+02:00  INFO 323872 --- [           main] i.c.z.s.test.ZeebeTestExecutionListener  : Create Zeebe in-memory engine for test run on random port: 26872...
2024-07-25T08:53:06.451+02:00  INFO 323872 --- [    zb-actors-0] io.camunda.zeebe.logstreams              : Recovered state of partition 1 from snapshot at position -1
2024-07-25T08:53:06.466+02:00  INFO 323872 --- [    zb-actors-0] org.camunda.feel.FeelEngine              : Engine created. [value-mapper: CompositeValueMapper(List(io.camunda.zeebe.feel.impl.MessagePackValueMapper@53b77d47)), function-provider: io.camunda.zeebe.feel.impl.FeelFunctionProvider@78b3b177, clock: io.camunda.zeebe.engine.processing.bpmn.clock.ZeebeFeelEngineClock@45f48804, configuration: {externalFunctionsEnabled: false}]
2024-07-25T08:53:06.495+02:00  INFO 323872 --- [    zb-actors-0] org.camunda.dmn.DmnEngine                : DMN-Engine created. [value-mapper: CompositeValueMapper(List(io.camunda.zeebe.feel.impl.MessagePackValueMapper@287ee699)), function-provider: org.camunda.feel.context.FunctionProvider$EmptyFunctionProvider$@54b6e3bc, audit-loggers: List(), configuration: Configuration(false,false,false)]
2024-07-25T08:53:06.497+02:00  INFO 323872 --- [    zb-actors-0] org.camunda.feel.FeelEngine              : Engine created. [value-mapper: CompositeValueMapper(List(org.camunda.dmn.NoUnpackValueMapper@36c961ad)), function-provider: org.camunda.feel.context.FunctionProvider$EmptyFunctionProvider$@54b6e3bc, clock: SystemClock, configuration: {externalFunctionsEnabled: false}]
2024-07-25T08:53:06.529+02:00  INFO 323872 --- [    zb-actors-0] org.camunda.dmn.DmnEngine                : DMN-Engine created. [value-mapper: CompositeValueMapper(List(io.camunda.zeebe.feel.impl.MessagePackValueMapper@2d3e2a10)), function-provider: org.camunda.feel.context.FunctionProvider$EmptyFunctionProvider$@54b6e3bc, audit-loggers: List(), configuration: Configuration(false,false,false)]
2024-07-25T08:53:06.529+02:00  INFO 323872 --- [    zb-actors-0] org.camunda.feel.FeelEngine              : Engine created. [value-mapper: CompositeValueMapper(List(org.camunda.dmn.NoUnpackValueMapper@b55f6c4)), function-provider: org.camunda.feel.context.FunctionProvider$EmptyFunctionProvider$@54b6e3bc, clock: SystemClock, configuration: {externalFunctionsEnabled: false}]
2024-07-25T08:53:06.547+02:00  INFO 323872 --- [    zb-actors-0] org.camunda.dmn.DmnEngine                : DMN-Engine created. [value-mapper: CompositeValueMapper(List(io.camunda.zeebe.feel.impl.MessagePackValueMapper@41d226)), function-provider: org.camunda.feel.context.FunctionProvider$EmptyFunctionProvider$@54b6e3bc, audit-loggers: List(), configuration: Configuration(false,false,false)]
2024-07-25T08:53:06.547+02:00  INFO 323872 --- [    zb-actors-0] org.camunda.feel.FeelEngine              : Engine created. [value-mapper: CompositeValueMapper(List(org.camunda.dmn.NoUnpackValueMapper@67eff852)), function-provider: org.camunda.feel.context.FunctionProvider$EmptyFunctionProvider$@54b6e3bc, clock: SystemClock, configuration: {externalFunctionsEnabled: false}]
2024-07-25T08:53:06.549+02:00  INFO 323872 --- [    zb-actors-0] org.camunda.feel.FeelEngine              : Engine created. [value-mapper: CompositeValueMapper(List(io.camunda.zeebe.feel.impl.MessagePackValueMapper@371f2394)), function-provider: io.camunda.zeebe.feel.impl.FeelFunctionProvider@5d60a658, clock: io.camunda.zeebe.engine.processing.bpmn.clock.ZeebeFeelEngineClock@272ed5ec, configuration: {externalFunctionsEnabled: false}]
2024-07-25T08:53:06.561+02:00  INFO 323872 --- [    zb-actors-0] org.camunda.feel.FeelEngine              : Engine created. [value-mapper: CompositeValueMapper(List(io.camunda.zeebe.feel.impl.MessagePackValueMapper@c633245)), function-provider: io.camunda.zeebe.feel.impl.FeelFunctionProvider@ca3647, clock: io.camunda.zeebe.engine.processing.bpmn.clock.ZeebeFeelEngineClock@2bc335bb, configuration: {externalFunctionsEnabled: false}]
2024-07-25T08:53:06.561+02:00  INFO 323872 --- [    zb-actors-0] org.camunda.feel.FeelEngine              : Engine created. [value-mapper: CompositeValueMapper(List(io.camunda.zeebe.feel.impl.MessagePackValueMapper@2646bb01)), function-provider: io.camunda.zeebe.feel.impl.FeelFunctionProvider@22a344ea, clock: io.camunda.zeebe.engine.processing.bpmn.clock.ZeebeFeelEngineClock@70f08cd2, configuration: {externalFunctionsEnabled: false}]
2024-07-25T08:53:06.578+02:00  INFO 323872 --- [    zb-actors-0] org.camunda.dmn.DmnEngine                : DMN-Engine created. [value-mapper: CompositeValueMapper(List(io.camunda.zeebe.feel.impl.MessagePackValueMapper@713d76aa)), function-provider: org.camunda.feel.context.FunctionProvider$EmptyFunctionProvider$@54b6e3bc, audit-loggers: List(), configuration: Configuration(false,false,false)]
2024-07-25T08:53:06.578+02:00  INFO 323872 --- [    zb-actors-0] org.camunda.feel.FeelEngine              : Engine created. [value-mapper: CompositeValueMapper(List(org.camunda.dmn.NoUnpackValueMapper@55284dba)), function-provider: org.camunda.feel.context.FunctionProvider$EmptyFunctionProvider$@54b6e3bc, clock: SystemClock, configuration: {externalFunctionsEnabled: false}]
2024-07-25T08:53:06.613+02:00  INFO 323872 --- [    zb-actors-0] io.camunda.zeebe.processor               : Processor starts replay of events. [snapshot-position: -1, replay-mode: PROCESSING]
2024-07-25T08:53:06.614+02:00  INFO 323872 --- [    zb-actors-0] io.camunda.zeebe.processor               : Processor finished replay, with [lastProcessedPosition: -1, lastWrittenPosition: -1]
2024-07-25T08:53:06.615+02:00  INFO 323872 --- [           main] z.s.t.AbstractZeebeTestExecutionListener : Test engine setup. Now starting deployments and workers...
2024-07-25T08:53:06.661+02:00  INFO 323872 --- [           main] org.camunda.feel.FeelEngine              : Engine created. [value-mapper: CompositeValueMapper(List(org.camunda.feel.impl.JavaValueMapper@28b286c0)), function-provider: io.camunda.connector.feel.FeelConnectorFunctionProvider@718e700c, clock: SystemClock, configuration: {externalFunctionsEnabled: false}]
2024-07-25T08:53:06.706+02:00  INFO 323872 --- [           main] i.c.z.s.c.jobhandling.JobWorkerManager   : . Starting Zeebe worker: ZeebeWorkerValue{type='io.camunda:http-json:1', name='HTTP REST', timeout=null, maxJobsActive=null, requestTimeout=null, pollInterval=null, autoComplete=true, fetchVariables=[url, method, authentication, headers, queryParameters, connectionTimeoutInSeconds, readTimeoutInSeconds, writeTimeoutInSeconds, body], enabled=null, methodInfo=null}
2024-07-25T08:53:07.178+02:00  INFO 323872 --- [           main] c.a.p.ZeebeDeploymentAnnotationProcessor : Deployed: <process-push-notification:1>
2024-07-25T08:53:07.179+02:00  INFO 323872 --- [           main] i.c.z.s.c.jobhandling.JobWorkerManager   : . Starting Zeebe worker: ZeebeWorkerValue{type='do_nothing', name='nothingWorker#doNothing', timeout=-1, maxJobsActive=-1, requestTimeout=-1, pollInterval=-1, autoComplete=true, fetchVariables=[], enabled=true, methodInfo=io.camunda.zeebe.spring.client.bean.MethodInfo@7c9ea1d0}
2024-07-25T08:53:07.179+02:00  INFO 323872 --- [           main] z.s.t.AbstractZeebeTestExecutionListener : ...deployments and workers started.
2024-07-25T08:53:07.849+02:00  INFO 323872 --- [erver-EventLog0] org.mockserver.log.MockServerEventLog    : 2020 started on port: 2020
2024-07-25T08:53:08.026+02:00  INFO 323872 --- [erver-EventLog0] org.mockserver.log.MockServerEventLog    : 2020 creating expectation:

  {
    "httpRequest" : {
      "method" : "POST",
      "path" : "/v1/api/push-notification/extended/create/hybrid"
    },
    "httpResponse" : {
      "statusCode" : 200,
      "headers" : {
        "Content-Type" : [ "application/json; charset=utf-8" ],
        "Cache-Control" : [ "public, max-age=86400" ]
      }
    },
    "id" : "6769f2cc-6d41-4a12-a1f3-dbee123c1530",
    "priority" : 0,
    "timeToLive" : {
      "unlimited" : true
    },
    "times" : {
      "unlimited" : true
    }
  }

 with id:

  6769f2cc-6d41-4a12-a1f3-dbee123c1530

2024-07-25T08:53:08.037+02:00  INFO 323872 --- [erver-EventLog0] org.mockserver.log.MockServerEventLog    : 2020 creating expectation:

  {
    "httpRequest" : {
      "method" : "PATCH",
      "path" : "/v1/api/push-notification/extended/patch-on-db/hybrid"
    },
    "httpResponse" : {
      "statusCode" : 200,
      "headers" : {
        "Content-Type" : [ "application/json; charset=utf-8" ],
        "Cache-Control" : [ "public, max-age=86400" ]
      }
    },
    "id" : "c980f036-8a33-4d1c-a8c0-62b9f1ad6931",
    "priority" : 0,
    "timeToLive" : {
      "unlimited" : true
    },
    "times" : {
      "unlimited" : true
    }
  }

 with id:

  c980f036-8a33-4d1c-a8c0-62b9f1ad6931

2024-07-25T08:53:08.147+02:00  INFO 323872 --- [pool-6-thread-1] z.co.telkom.bpmn.workers.NothingWorker   : Begin : Do Nothing
2024-07-25T08:53:08.148+02:00  INFO 323872 --- [pool-6-thread-1] z.co.telkom.bpmn.workers.NothingWorker   : End : Do Nothing
2024-07-25T08:53:08.243+02:00  INFO 323872 --- [pool-6-thread-1] i.c.c.r.c.outbound.ConnectorJobHandler   : Received job: 2251799813685293 for tenant: 
2024-07-25T08:53:08.259+02:00  INFO 323872 --- [pool-6-thread-1] org.camunda.feel.FeelEngine              : Engine created. [value-mapper: CompositeValueMapper(List(org.camunda.feel.impl.JavaValueMapper@19b52a11)), function-provider: io.camunda.connector.feel.FeelConnectorFunctionProvider@213919fe, clock: SystemClock, configuration: {externalFunctionsEnabled: false}]
2024-07-25T08:53:08.365+02:00  INFO 323872 --- [erver-EventLog0] org.mockserver.log.MockServerEventLog    : 2020 received request:

  {
    "method" : "POST",
    "path" : "/v1/api/push-notification/extended/create/hybrid",
    "headers" : {
      "User-Agent" : [ "Google-HTTP-Java-Client/1.43.3 (gzip)" ],
      "Host" : [ "localhost:2020" ],
      "Content-Type" : [ "application/json" ],
      "Content-Length" : [ "17" ],
      "Connection" : [ "Keep-Alive" ],
      "Accept-Encoding" : [ "gzip" ]
    },
    "keepAlive" : true,
    "secure" : false,
    "protocol" : "HTTP_1_1",
    "localAddress" : "127.0.0.1:2020",
    "remoteAddress" : "127.0.0.1:33304",
    "body" : {
      "type" : "hybrid"
    }
  }

2024-07-25T08:53:08.366+02:00  INFO 323872 --- [erver-EventLog0] org.mockserver.log.MockServerEventLog    : 2020 request:

  {
    "method" : "POST",
    "path" : "/v1/api/push-notification/extended/create/hybrid",
    "headers" : {
      "User-Agent" : [ "Google-HTTP-Java-Client/1.43.3 (gzip)" ],
      "Host" : [ "localhost:2020" ],
      "Content-Type" : [ "application/json" ],
      "Content-Length" : [ "17" ],
      "Connection" : [ "Keep-Alive" ],
      "Accept-Encoding" : [ "gzip" ]
    },
    "keepAlive" : true,
    "secure" : false,
    "protocol" : "HTTP_1_1",
    "localAddress" : "127.0.0.1:2020",
    "remoteAddress" : "127.0.0.1:33304",
    "body" : {
      "type" : "hybrid"
    }
  }

 matched expectation:

  {
    "httpRequest" : {
      "method" : "POST",
      "path" : "/v1/api/push-notification/extended/create/hybrid"
    },
    "httpResponse" : {
      "statusCode" : 200,
      "headers" : {
        "Content-Type" : [ "application/json; charset=utf-8" ],
        "Cache-Control" : [ "public, max-age=86400" ]
      }
    },
    "id" : "6769f2cc-6d41-4a12-a1f3-dbee123c1530",
    "priority" : 0,
    "timeToLive" : {
      "unlimited" : true
    },
    "times" : {
      "unlimited" : true
    }
  }

2024-07-25T08:53:08.368+02:00  INFO 323872 --- [erver-EventLog0] org.mockserver.log.MockServerEventLog    : 2020 returning response:

  {
    "statusCode" : 200,
    "headers" : {
      "Content-Type" : [ "application/json; charset=utf-8" ],
      "Cache-Control" : [ "public, max-age=86400" ]
    }
  }

 for request:

  {
    "method" : "POST",
    "path" : "/v1/api/push-notification/extended/create/hybrid",
    "headers" : {
      "User-Agent" : [ "Google-HTTP-Java-Client/1.43.3 (gzip)" ],
      "Host" : [ "localhost:2020" ],
      "Content-Type" : [ "application/json" ],
      "Content-Length" : [ "17" ],
      "Connection" : [ "Keep-Alive" ],
      "Accept-Encoding" : [ "gzip" ]
    },
    "keepAlive" : true,
    "secure" : false,
    "protocol" : "HTTP_1_1",
    "localAddress" : "127.0.0.1:2020",
    "remoteAddress" : "127.0.0.1:33304",
    "body" : {
      "type" : "hybrid"
    }
  }

 for action:

  {
    "statusCode" : 200,
    "headers" : {
      "Content-Type" : [ "application/json; charset=utf-8" ],
      "Cache-Control" : [ "public, max-age=86400" ]
    }
  }

 from expectation:

  6769f2cc-6d41-4a12-a1f3-dbee123c1530

2024-07-25T08:53:08.537+02:00  INFO 323872 --- [pool-6-thread-1] z.co.telkom.bpmn.workers.NothingWorker   : Begin : Do Nothing
2024-07-25T08:53:08.537+02:00  INFO 323872 --- [pool-6-thread-1] z.co.telkom.bpmn.workers.NothingWorker   : End : Do Nothing
2024-07-25T08:53:10.392+02:00  INFO 323872 --- [pool-6-thread-1] z.co.telkom.bpmn.workers.NothingWorker   : Begin : Do Nothing
2024-07-25T08:53:10.392+02:00  INFO 323872 --- [pool-6-thread-1] z.co.telkom.bpmn.workers.NothingWorker   : End : Do Nothing
2024-07-25T08:53:28.522+02:00  INFO 323872 --- [pool-6-thread-1] z.co.telkom.bpmn.workers.NothingWorker   : Begin : Do Nothing
2024-07-25T08:53:28.522+02:00  INFO 323872 --- [pool-6-thread-1] z.co.telkom.bpmn.workers.NothingWorker   : End : Do Nothing
2024-07-25T08:53:28.626+02:00  INFO 323872 --- [pool-6-thread-1] i.c.c.r.c.outbound.ConnectorJobHandler   : Received job: 2251799813685713 for tenant: 
2024-07-25T08:53:28.641+02:00  INFO 323872 --- [erver-EventLog0] org.mockserver.log.MockServerEventLog    : 2020 received request:

  {
    "method" : "PATCH",
    "path" : "/v1/api/push-notification/extended/patch-on-db/hybrid",
    "headers" : {
      "User-Agent" : [ "Google-HTTP-Java-Client/1.43.3 (gzip)" ],
      "Host" : [ "localhost:2020" ],
      "Content-Type" : [ "application/json" ],
      "Content-Length" : [ "0" ],
      "Connection" : [ "Keep-Alive" ],
      "Accept-Encoding" : [ "gzip" ]
    },
    "keepAlive" : true,
    "secure" : false,
    "protocol" : "HTTP_1_1",
    "localAddress" : "127.0.0.1:2020",
    "remoteAddress" : "127.0.0.1:33304"
  }

2024-07-25T08:53:28.642+02:00  INFO 323872 --- [erver-EventLog0] org.mockserver.log.MockServerEventLog    : 2020 request:

  {
    "method" : "PATCH",
    "path" : "/v1/api/push-notification/extended/patch-on-db/hybrid",
    "headers" : {
      "User-Agent" : [ "Google-HTTP-Java-Client/1.43.3 (gzip)" ],
      "Host" : [ "localhost:2020" ],
      "Content-Type" : [ "application/json" ],
      "Content-Length" : [ "0" ],
      "Connection" : [ "Keep-Alive" ],
      "Accept-Encoding" : [ "gzip" ]
    },
    "keepAlive" : true,
    "secure" : false,
    "protocol" : "HTTP_1_1",
    "localAddress" : "127.0.0.1:2020",
    "remoteAddress" : "127.0.0.1:33304"
  }

 didn't match expectation:

  {
    "httpRequest" : {
      "method" : "POST",
      "path" : "/v1/api/push-notification/extended/create/hybrid"
    },
    "httpResponse" : {
      "statusCode" : 200,
      "headers" : {
        "Content-Type" : [ "application/json; charset=utf-8" ],
        "Cache-Control" : [ "public, max-age=86400" ]
      }
    },
    "id" : "6769f2cc-6d41-4a12-a1f3-dbee123c1530",
    "priority" : 0,
    "timeToLive" : {
      "unlimited" : true
    },
    "times" : {
      "unlimited" : true
    }
  }

 because:

  method didn't match

2024-07-25T08:53:28.642+02:00  INFO 323872 --- [erver-EventLog0] org.mockserver.log.MockServerEventLog    : 2020 request:

  {
    "method" : "PATCH",
    "path" : "/v1/api/push-notification/extended/patch-on-db/hybrid",
    "headers" : {
      "User-Agent" : [ "Google-HTTP-Java-Client/1.43.3 (gzip)" ],
      "Host" : [ "localhost:2020" ],
      "Content-Type" : [ "application/json" ],
      "Content-Length" : [ "0" ],
      "Connection" : [ "Keep-Alive" ],
      "Accept-Encoding" : [ "gzip" ]
    },
    "keepAlive" : true,
    "secure" : false,
    "protocol" : "HTTP_1_1",
    "localAddress" : "127.0.0.1:2020",
    "remoteAddress" : "127.0.0.1:33304"
  }

 matched expectation:

  {
    "httpRequest" : {
      "method" : "PATCH",
      "path" : "/v1/api/push-notification/extended/patch-on-db/hybrid"
    },
    "httpResponse" : {
      "statusCode" : 200,
      "headers" : {
        "Content-Type" : [ "application/json; charset=utf-8" ],
        "Cache-Control" : [ "public, max-age=86400" ]
      }
    },
    "id" : "c980f036-8a33-4d1c-a8c0-62b9f1ad6931",
    "priority" : 0,
    "timeToLive" : {
      "unlimited" : true
    },
    "times" : {
      "unlimited" : true
    }
  }

2024-07-25T08:53:28.643+02:00  INFO 323872 --- [erver-EventLog0] org.mockserver.log.MockServerEventLog    : 2020 returning response:

  {
    "statusCode" : 200,
    "headers" : {
      "Content-Type" : [ "application/json; charset=utf-8" ],
      "Cache-Control" : [ "public, max-age=86400" ]
    }
  }

 for request:

  {
    "method" : "PATCH",
    "path" : "/v1/api/push-notification/extended/patch-on-db/hybrid",
    "headers" : {
      "User-Agent" : [ "Google-HTTP-Java-Client/1.43.3 (gzip)" ],
      "Host" : [ "localhost:2020" ],
      "Content-Type" : [ "application/json" ],
      "Content-Length" : [ "0" ],
      "Connection" : [ "Keep-Alive" ],
      "Accept-Encoding" : [ "gzip" ]
    },
    "keepAlive" : true,
    "secure" : false,
    "protocol" : "HTTP_1_1",
    "localAddress" : "127.0.0.1:2020",
    "remoteAddress" : "127.0.0.1:33304"
  }

 for action:

  {
    "statusCode" : 200,
    "headers" : {
      "Content-Type" : [ "application/json; charset=utf-8" ],
      "Cache-Control" : [ "public, max-age=86400" ]
    }
  }

 from expectation:

  c980f036-8a33-4d1c-a8c0-62b9f1ad6931

2024-07-25T08:53:28.771+02:00  INFO 323872 --- [    zb-actors-7] io.camunda.zeebe.logstreams              : Close appender for log stream null
2024-07-25T08:53:28.771+02:00  INFO 323872 --- [    zb-actors-7] i.c.zeebe.logstreams.impl.log.Sequencer  : Closing sequencer for writing
2024-07-25T08:53:28.771+02:00  INFO 323872 --- [    zb-actors-7] io.camunda.zeebe.logstreams              : On closing logstream null close 2 readers
]]></system-out>
    <system-err><![CDATA[WARNING: A Java agent has been loaded dynamically (/home/keleper/.m2/repository/net/bytebuddy/byte-buddy-agent/1.14.12/byte-buddy-agent-1.14.12.jar)
WARNING: If a serviceability tool is in use, please run with -XX:+EnableDynamicAgentLoading to hide this warning
WARNING: If a serviceability tool is not in use, please run with -Djdk.instrument.traceUsage for more information
WARNING: Dynamic loading of agents will be disallowed by default in a future release
]]></system-err>
  </testcase>
</testsuite>