<?xml version="1.0" encoding="UTF-8"?>
<testsuite xmlns:xsi="http://www.w3.org/2001/XMLSchema-instance" xsi:noNamespaceSchemaLocation="https://maven.apache.org/surefire/maven-surefire-plugin/xsd/surefire-test-report-3.0.xsd" version="3.0" name="za.co.telkom.bpmn.test.RicaTest" time="78.968" tests="1" errors="0" skipped="0" failures="0">
  <properties>
[...]
</properties>
  <testcase name="rica_end_to_end_happy_day_test" classname="za.co.telkom.bpmn.test.RicaTest" time="75.982">
    <system-out><![CDATA[
  .   ____          _            __ _ _
 /\\ / ___'_ __ _ _(_)_ __  __ _ \ \ \ \
( ( )\___ | '_ | '_| | '_ \/ _` | \ \ \ \
 \\/  ___)| |_)| | | | | || (_| |  ) ) ) )
  '  |____| .__|_| |_|_| |_\__, | / / / /
 =========|_|==============|___/=/_/_/_/
 :: Spring Boot ::                (v3.2.3)

2024-07-22T16:00:33.056+02:00  INFO 222718 --- [           main] za.co.telkom.bpmn.test.RicaTest          : Starting RicaTest using Java 21.0.3 with PID 222718 (started by keleper in /home/keleper/Telkom/rica-workflow)
2024-07-22T16:00:33.058+02:00  INFO 222718 --- [           main] za.co.telkom.bpmn.test.RicaTest          : No active profile set, falling back to 1 default profile: "default"
2024-07-22T16:00:33.916+02:00  WARN 222718 --- [           main] trationDelegate$BeanPostProcessorChecker : Bean 'io.camunda.zeebe.spring.client.annotation.processor.AnnotationProcessorConfiguration' of type [io.camunda.zeebe.spring.client.annotation.processor.AnnotationProcessorConfiguration] is not eligible for getting processed by all BeanPostProcessors (for example: not eligible for auto-proxying). The currently created BeanPostProcessor [zeebeAnnotationProcessorRegistry] is declared through a non-static factory method on that class; consider declaring it as static instead.
2024-07-22T16:00:33.918+02:00  WARN 222718 --- [           main] trationDelegate$BeanPostProcessorChecker : Bean 'io.camunda.connector.runtime.outbound.OutboundConnectorRuntimeConfiguration' of type [io.camunda.connector.runtime.outbound.OutboundConnectorRuntimeConfiguration$$SpringCGLIB$$0] is not eligible for getting processed by all BeanPostProcessors (for example: not eligible for auto-proxying). Is this bean getting eagerly injected into a currently created BeanPostProcessor [zeebeAnnotationProcessorRegistry]? Check the corresponding BeanPostProcessor declaration and its dependencies.
2024-07-22T16:00:33.941+02:00  WARN 222718 --- [           main] trationDelegate$BeanPostProcessorChecker : Bean 'zeebe.client-io.camunda.zeebe.spring.client.properties.ZeebeClientConfigurationProperties' of type [io.camunda.zeebe.spring.client.properties.ZeebeClientConfigurationProperties] is not eligible for getting processed by all BeanPostProcessors (for example: not eligible for auto-proxying). Is this bean getting eagerly injected into a currently created BeanPostProcessor [zeebeAnnotationProcessorRegistry]? Check the corresponding BeanPostProcessor declaration and its dependencies.
2024-07-22T16:00:33.941+02:00  WARN 222718 --- [           main] trationDelegate$BeanPostProcessorChecker : Bean 'io.camunda.zeebe.spring.client.configuration.ZeebeClientAllAutoConfiguration' of type [io.camunda.zeebe.spring.client.configuration.ZeebeClientAllAutoConfiguration] is not eligible for getting processed by all BeanPostProcessors (for example: not eligible for auto-proxying). Is this bean getting eagerly injected into a currently created BeanPostProcessor [zeebeAnnotationProcessorRegistry]? Check the corresponding BeanPostProcessor declaration and its dependencies.
2024-07-22T16:00:33.942+02:00  WARN 222718 --- [           main] trationDelegate$BeanPostProcessorChecker : Bean 'zeebeClientExecutorService' of type [io.camunda.zeebe.spring.client.jobhandling.ZeebeClientExecutorService] is not eligible for getting processed by all BeanPostProcessors (for example: not eligible for auto-proxying). Is this bean getting eagerly injected into a currently created BeanPostProcessor [zeebeAnnotationProcessorRegistry]? Check the corresponding BeanPostProcessor declaration and its dependencies.
2024-07-22T16:00:33.945+02:00  WARN 222718 --- [           main] trationDelegate$BeanPostProcessorChecker : Bean 'commandExceptionHandlingStrategy' of type [io.camunda.zeebe.spring.client.jobhandling.DefaultCommandExceptionHandlingStrategy] is not eligible for getting processed by all BeanPostProcessors (for example: not eligible for auto-proxying). Is this bean getting eagerly injected into a currently created BeanPostProcessor [zeebeAnnotationProcessorRegistry]? Check the corresponding BeanPostProcessor declaration and its dependencies.
2024-07-22T16:00:33.946+02:00  WARN 222718 --- [           main] trationDelegate$BeanPostProcessorChecker : Bean 'io.camunda.zeebe.spring.client.CamundaAutoConfiguration' of type [io.camunda.zeebe.spring.client.CamundaAutoConfiguration$$SpringCGLIB$$0] is not eligible for getting processed by all BeanPostProcessors (for example: not eligible for auto-proxying). Is this bean getting eagerly injected into a currently created BeanPostProcessor [zeebeAnnotationProcessorRegistry]? Check the corresponding BeanPostProcessor declaration and its dependencies.
2024-07-22T16:00:33.948+02:00  WARN 222718 --- [           main] trationDelegate$BeanPostProcessorChecker : Bean 'io.camunda.connector.runtime.OutboundConnectorsAutoConfiguration' of type [io.camunda.connector.runtime.OutboundConnectorsAutoConfiguration] is not eligible for getting processed by all BeanPostProcessors (for example: not eligible for auto-proxying). Is this bean getting eagerly injected into a currently created BeanPostProcessor [zeebeAnnotationProcessorRegistry]? Check the corresponding BeanPostProcessor declaration and its dependencies.
2024-07-22T16:00:34.077+02:00  INFO 222718 --- [           main] org.camunda.feel.FeelEngine              : Engine created. [value-mapper: CompositeValueMapper(List(org.camunda.feel.impl.JavaValueMapper@57a667c8)), function-provider: io.camunda.connector.feel.FeelConnectorFunctionProvider@56c0a61e, clock: SystemClock, configuration: {externalFunctionsEnabled: false}]
2024-07-22T16:00:34.165+02:00  INFO 222718 --- [           main] org.camunda.feel.FeelEngine              : Engine created. [value-mapper: CompositeValueMapper(List(org.camunda.feel.impl.JavaValueMapper@1c7f6e96)), function-provider: io.camunda.connector.feel.FeelConnectorFunctionProvider@30ec211a, clock: SystemClock, configuration: {externalFunctionsEnabled: false}]
2024-07-22T16:00:34.175+02:00  WARN 222718 --- [           main] trationDelegate$BeanPostProcessorChecker : Bean 'objectMapper' of type [com.fasterxml.jackson.databind.json.JsonMapper] is not eligible for getting processed by all BeanPostProcessors (for example: not eligible for auto-proxying). Is this bean getting eagerly injected into a currently created BeanPostProcessor [zeebeAnnotationProcessorRegistry]? Check the corresponding BeanPostProcessor declaration and its dependencies.
2024-07-22T16:00:34.176+02:00  WARN 222718 --- [           main] trationDelegate$BeanPostProcessorChecker : Bean 'zeebeJsonMapper' of type [io.camunda.zeebe.client.impl.ZeebeObjectMapper] is not eligible for getting processed by all BeanPostProcessors (for example: not eligible for auto-proxying). Is this bean getting eagerly injected into a currently created BeanPostProcessor [zeebeAnnotationProcessorRegistry]? Check the corresponding BeanPostProcessor declaration and its dependencies.
2024-07-22T16:00:34.177+02:00  WARN 222718 --- [           main] trationDelegate$BeanPostProcessorChecker : Bean 'io.camunda.zeebe.spring.client.configuration.ZeebeActuatorConfiguration' of type [io.camunda.zeebe.spring.client.configuration.ZeebeActuatorConfiguration] is not eligible for getting processed by all BeanPostProcessors (for example: not eligible for auto-proxying). Is this bean getting eagerly injected into a currently created BeanPostProcessor [zeebeAnnotationProcessorRegistry]? Check the corresponding BeanPostProcessor declaration and its dependencies.
2024-07-22T16:00:34.198+02:00  INFO 222718 --- [           main] i.c.z.s.c.a.MicrometerMetricsRecorder    : Enabling Micrometer based metrics for spring-zeebe (available via Actuator)
2024-07-22T16:00:34.198+02:00  WARN 222718 --- [           main] trationDelegate$BeanPostProcessorChecker : Bean 'micrometerMetricsRecorder' of type [io.camunda.zeebe.spring.client.actuator.MicrometerMetricsRecorder] is not eligible for getting processed by all BeanPostProcessors (for example: not eligible for auto-proxying). Is this bean getting eagerly injected into a currently created BeanPostProcessor [zeebeAnnotationProcessorRegistry]? Check the corresponding BeanPostProcessor declaration and its dependencies.
2024-07-22T16:00:34.200+02:00  WARN 222718 --- [           main] trationDelegate$BeanPostProcessorChecker : Bean 'jobWorkerManager' of type [io.camunda.zeebe.spring.client.jobhandling.JobWorkerManager] is not eligible for getting processed by all BeanPostProcessors (for example: not eligible for auto-proxying). Is this bean getting eagerly injected into a currently created BeanPostProcessor [zeebeAnnotationProcessorRegistry]? Check the corresponding BeanPostProcessor declaration and its dependencies.
2024-07-22T16:00:34.213+02:00  WARN 222718 --- [           main] trationDelegate$BeanPostProcessorChecker : Bean 'outboundConnectorFactory' of type [io.camunda.connector.runtime.core.outbound.DefaultOutboundConnectorFactory] is not eligible for getting processed by all BeanPostProcessors (for example: not eligible for auto-proxying). Is this bean getting eagerly injected into a currently created BeanPostProcessor [zeebeAnnotationProcessorRegistry]? Check the corresponding BeanPostProcessor declaration and its dependencies.
2024-07-22T16:00:34.215+02:00  INFO 222718 --- [           main] .c.c.r.e.SpringEnvironmentSecretProvider : No prefix has been configured, all environment variables are available as connector secrets
2024-07-22T16:00:34.215+02:00  WARN 222718 --- [           main] trationDelegate$BeanPostProcessorChecker : Bean 'defaultSecretProvider' of type [io.camunda.connector.runtime.env.SpringEnvironmentSecretProvider] is not eligible for getting processed by all BeanPostProcessors (for example: not eligible for auto-proxying). Is this bean getting eagerly injected into a currently created BeanPostProcessor [zeebeAnnotationProcessorRegistry]? Check the corresponding BeanPostProcessor declaration and its dependencies.
2024-07-22T16:00:34.218+02:00  WARN 222718 --- [           main] trationDelegate$BeanPostProcessorChecker : Bean 'springSecretProviderAggregator' of type [io.camunda.connector.runtime.core.secret.SecretProviderAggregator] is not eligible for getting processed by all BeanPostProcessors (for example: not eligible for auto-proxying). Is this bean getting eagerly injected into a currently created BeanPostProcessor [zeebeAnnotationProcessorRegistry]? Check the corresponding BeanPostProcessor declaration and its dependencies.
2024-07-22T16:00:34.222+02:00  WARN 222718 --- [           main] trationDelegate$BeanPostProcessorChecker : Bean 'outboundConnectorManager' of type [io.camunda.connector.runtime.outbound.lifecycle.OutboundConnectorManager] is not eligible for getting processed by all BeanPostProcessors (for example: not eligible for auto-proxying). Is this bean getting eagerly injected into a currently created BeanPostProcessor [zeebeAnnotationProcessorRegistry]? Check the corresponding BeanPostProcessor declaration and its dependencies.
2024-07-22T16:00:34.227+02:00  WARN 222718 --- [           main] trationDelegate$BeanPostProcessorChecker : Bean 'annotationProcessor' of type [io.camunda.connector.runtime.outbound.lifecycle.OutboundConnectorAnnotationProcessor] is not eligible for getting processed by all BeanPostProcessors (for example: not eligible for auto-proxying). Is this bean getting eagerly injected into a currently created BeanPostProcessor [zeebeAnnotationProcessorRegistry]? Check the corresponding BeanPostProcessor declaration and its dependencies.
2024-07-22T16:00:34.229+02:00  WARN 222718 --- [           main] trationDelegate$BeanPostProcessorChecker : Bean 'deploymentPostProcessor' of type [io.camunda.zeebe.spring.client.annotation.processor.ZeebeDeploymentAnnotationProcessor] is not eligible for getting processed by all BeanPostProcessors (for example: not eligible for auto-proxying). Is this bean getting eagerly injected into a currently created BeanPostProcessor [zeebeAnnotationProcessorRegistry]? Check the corresponding BeanPostProcessor declaration and its dependencies.
2024-07-22T16:00:34.231+02:00  WARN 222718 --- [           main] trationDelegate$BeanPostProcessorChecker : Bean 'propertyBasedZeebeWorkerValueCustomizer' of type [io.camunda.zeebe.spring.client.properties.PropertyBasedZeebeWorkerValueCustomizer] is not eligible for getting processed by all BeanPostProcessors (for example: not eligible for auto-proxying). Is this bean getting eagerly injected into a currently created BeanPostProcessor [zeebeAnnotationProcessorRegistry]? Check the corresponding BeanPostProcessor declaration and its dependencies.
2024-07-22T16:00:34.234+02:00  WARN 222718 --- [           main] trationDelegate$BeanPostProcessorChecker : Bean 'zeebeWorkerPostProcessor' of type [io.camunda.zeebe.spring.client.annotation.processor.ZeebeWorkerAnnotationProcessor] is not eligible for getting processed by all BeanPostProcessors (for example: not eligible for auto-proxying). Is this bean getting eagerly injected into a currently created BeanPostProcessor [zeebeAnnotationProcessorRegistry]? Check the corresponding BeanPostProcessor declaration and its dependencies.
2024-07-22T16:00:34.377+02:00  INFO 222718 --- [           main] o.s.b.w.embedded.tomcat.TomcatWebServer  : Tomcat initialized with port 8080 (http)
2024-07-22T16:00:34.384+02:00  INFO 222718 --- [           main] o.apache.catalina.core.StandardService   : Starting service [Tomcat]
2024-07-22T16:00:34.385+02:00  INFO 222718 --- [           main] o.apache.catalina.core.StandardEngine    : Starting Servlet engine: [Apache Tomcat/10.1.19]
2024-07-22T16:00:34.421+02:00  INFO 222718 --- [           main] o.a.c.c.C.[Tomcat].[localhost].[/]       : Initializing Spring embedded WebApplicationContext
2024-07-22T16:00:34.422+02:00  INFO 222718 --- [           main] w.s.c.ServletWebServerApplicationContext : Root WebApplicationContext: initialization completed in 1247 ms
2024-07-22T16:00:34.515+02:00  INFO 222718 --- [           main] c.a.p.ZeebeDeploymentAnnotationProcessor : Configuring deployment: ZeebeDeploymentValue{resources=[classpath*:/processes/**/*.bpmn], beanInfo=io.camunda.zeebe.spring.client.bean.ClassInfo@26495639}
2024-07-22T16:00:34.532+02:00  INFO 222718 --- [           main] z.s.c.a.p.ZeebeWorkerAnnotationProcessor : Configuring 1 Zeebe worker(s) of bean 'nothingWorker': [ZeebeWorkerValue{type='do_nothing', name='nothingWorker#doNothing', timeout=-1, maxJobsActive=-1, requestTimeout=-1, pollInterval=-1, autoComplete=true, fetchVariables=[], enabled=true, methodInfo=io.camunda.zeebe.spring.client.bean.MethodInfo@3e5ebdfe}]
2024-07-22T16:00:34.739+02:00  WARN 222718 --- [           main] o.s.b.a.m.MustacheAutoConfiguration      : Cannot find template location: classpath:/templates/ (please add some templates, check your Mustache configuration, or set spring.mustache.check-template-location=false)
2024-07-22T16:00:34.747+02:00  INFO 222718 --- [           main] org.camunda.feel.FeelEngine              : Engine created. [value-mapper: CompositeValueMapper(List(org.camunda.feel.impl.JavaValueMapper@4adcc981)), function-provider: io.camunda.connector.feel.FeelConnectorFunctionProvider@73aae7a, clock: SystemClock, configuration: {externalFunctionsEnabled: false}]
2024-07-22T16:00:34.799+02:00 ERROR 222718 --- [           main] i.c.c.auth.DefaultNoopAuthentication     : Unable to determine authentication. Please check your configuration
2024-07-22T16:00:35.066+02:00  INFO 222718 --- [           main] org.ehcache.core.EhcacheManager          : Cache 'tokenCache' created in EhcacheManager.
2024-07-22T16:00:35.307+02:00  INFO 222718 --- [           main] o.s.b.a.e.web.EndpointLinksResolver      : Exposing 1 endpoint(s) beneath base path '/actuator'
2024-07-22T16:00:35.445+02:00  INFO 222718 --- [           main] o.s.b.w.embedded.tomcat.TomcatWebServer  : Tomcat started on port 8080 (http) with context path ''
2024-07-22T16:00:35.454+02:00  INFO 222718 --- [           main] za.co.telkom.bpmn.test.RicaTest          : Started RicaTest in 2.598 seconds (process running for 3.156)
2024-07-22T16:00:35.513+02:00  INFO 222718 --- [           main] i.c.z.s.test.ZeebeTestExecutionListener  : Create Zeebe in-memory engine for test run on random port: 42413...
2024-07-22T16:00:35.812+02:00  INFO 222718 --- [    zb-actors-4] io.camunda.zeebe.logstreams              : Recovered state of partition 1 from snapshot at position -1
2024-07-22T16:00:35.825+02:00  INFO 222718 --- [    zb-actors-4] org.camunda.feel.FeelEngine              : Engine created. [value-mapper: CompositeValueMapper(List(io.camunda.zeebe.feel.impl.MessagePackValueMapper@703d0bc4)), function-provider: io.camunda.zeebe.feel.impl.FeelFunctionProvider@22935d3a, clock: io.camunda.zeebe.engine.processing.bpmn.clock.ZeebeFeelEngineClock@7ea36541, configuration: {externalFunctionsEnabled: false}]
2024-07-22T16:00:35.854+02:00  INFO 222718 --- [    zb-actors-4] org.camunda.dmn.DmnEngine                : DMN-Engine created. [value-mapper: CompositeValueMapper(List(io.camunda.zeebe.feel.impl.MessagePackValueMapper@90a69cd)), function-provider: org.camunda.feel.context.FunctionProvider$EmptyFunctionProvider$@21275a1e, audit-loggers: List(), configuration: Configuration(false,false,false)]
2024-07-22T16:00:35.855+02:00  INFO 222718 --- [    zb-actors-4] org.camunda.feel.FeelEngine              : Engine created. [value-mapper: CompositeValueMapper(List(org.camunda.dmn.NoUnpackValueMapper@5fdc5ac8)), function-provider: org.camunda.feel.context.FunctionProvider$EmptyFunctionProvider$@21275a1e, clock: SystemClock, configuration: {externalFunctionsEnabled: false}]
2024-07-22T16:00:35.877+02:00  INFO 222718 --- [    zb-actors-4] org.camunda.dmn.DmnEngine                : DMN-Engine created. [value-mapper: CompositeValueMapper(List(io.camunda.zeebe.feel.impl.MessagePackValueMapper@419f9557)), function-provider: org.camunda.feel.context.FunctionProvider$EmptyFunctionProvider$@21275a1e, audit-loggers: List(), configuration: Configuration(false,false,false)]
2024-07-22T16:00:35.878+02:00  INFO 222718 --- [    zb-actors-4] org.camunda.feel.FeelEngine              : Engine created. [value-mapper: CompositeValueMapper(List(org.camunda.dmn.NoUnpackValueMapper@3dc265c7)), function-provider: org.camunda.feel.context.FunctionProvider$EmptyFunctionProvider$@21275a1e, clock: SystemClock, configuration: {externalFunctionsEnabled: false}]
2024-07-22T16:00:35.904+02:00  INFO 222718 --- [    zb-actors-4] org.camunda.dmn.DmnEngine                : DMN-Engine created. [value-mapper: CompositeValueMapper(List(io.camunda.zeebe.feel.impl.MessagePackValueMapper@1b9224a6)), function-provider: org.camunda.feel.context.FunctionProvider$EmptyFunctionProvider$@21275a1e, audit-loggers: List(), configuration: Configuration(false,false,false)]
2024-07-22T16:00:35.904+02:00  INFO 222718 --- [    zb-actors-4] org.camunda.feel.FeelEngine              : Engine created. [value-mapper: CompositeValueMapper(List(org.camunda.dmn.NoUnpackValueMapper@6a56368a)), function-provider: org.camunda.feel.context.FunctionProvider$EmptyFunctionProvider$@21275a1e, clock: SystemClock, configuration: {externalFunctionsEnabled: false}]
2024-07-22T16:00:35.908+02:00  INFO 222718 --- [    zb-actors-4] org.camunda.feel.FeelEngine              : Engine created. [value-mapper: CompositeValueMapper(List(io.camunda.zeebe.feel.impl.MessagePackValueMapper@1a8c8663)), function-provider: io.camunda.zeebe.feel.impl.FeelFunctionProvider@66f59076, clock: io.camunda.zeebe.engine.processing.bpmn.clock.ZeebeFeelEngineClock@190ce18f, configuration: {externalFunctionsEnabled: false}]
2024-07-22T16:00:35.921+02:00  INFO 222718 --- [    zb-actors-4] org.camunda.feel.FeelEngine              : Engine created. [value-mapper: CompositeValueMapper(List(io.camunda.zeebe.feel.impl.MessagePackValueMapper@1fabe8ce)), function-provider: io.camunda.zeebe.feel.impl.FeelFunctionProvider@6a5b9fa9, clock: io.camunda.zeebe.engine.processing.bpmn.clock.ZeebeFeelEngineClock@7a95c08, configuration: {externalFunctionsEnabled: false}]
2024-07-22T16:00:35.922+02:00  INFO 222718 --- [    zb-actors-4] org.camunda.feel.FeelEngine              : Engine created. [value-mapper: CompositeValueMapper(List(io.camunda.zeebe.feel.impl.MessagePackValueMapper@5a046256)), function-provider: io.camunda.zeebe.feel.impl.FeelFunctionProvider@55b677dc, clock: io.camunda.zeebe.engine.processing.bpmn.clock.ZeebeFeelEngineClock@35fb61aa, configuration: {externalFunctionsEnabled: false}]
2024-07-22T16:00:35.946+02:00  INFO 222718 --- [    zb-actors-4] org.camunda.dmn.DmnEngine                : DMN-Engine created. [value-mapper: CompositeValueMapper(List(io.camunda.zeebe.feel.impl.MessagePackValueMapper@29392c0c)), function-provider: org.camunda.feel.context.FunctionProvider$EmptyFunctionProvider$@21275a1e, audit-loggers: List(), configuration: Configuration(false,false,false)]
2024-07-22T16:00:35.946+02:00  INFO 222718 --- [    zb-actors-4] org.camunda.feel.FeelEngine              : Engine created. [value-mapper: CompositeValueMapper(List(org.camunda.dmn.NoUnpackValueMapper@11c14d02)), function-provider: org.camunda.feel.context.FunctionProvider$EmptyFunctionProvider$@21275a1e, clock: SystemClock, configuration: {externalFunctionsEnabled: false}]
2024-07-22T16:00:35.986+02:00  INFO 222718 --- [    zb-actors-4] io.camunda.zeebe.processor               : Processor starts replay of events. [snapshot-position: -1, replay-mode: PROCESSING]
2024-07-22T16:00:35.986+02:00  INFO 222718 --- [    zb-actors-4] io.camunda.zeebe.processor               : Processor finished replay, with [lastProcessedPosition: -1, lastWrittenPosition: -1]
2024-07-22T16:00:35.987+02:00  INFO 222718 --- [           main] z.s.t.AbstractZeebeTestExecutionListener : Test engine setup. Now starting deployments and workers...
2024-07-22T16:00:36.052+02:00  INFO 222718 --- [           main] org.camunda.feel.FeelEngine              : Engine created. [value-mapper: CompositeValueMapper(List(org.camunda.feel.impl.JavaValueMapper@c22cf4d)), function-provider: io.camunda.connector.feel.FeelConnectorFunctionProvider@25630ede, clock: SystemClock, configuration: {externalFunctionsEnabled: false}]
2024-07-22T16:00:36.120+02:00  INFO 222718 --- [           main] i.c.z.s.c.jobhandling.JobWorkerManager   : . Starting Zeebe worker: ZeebeWorkerValue{type='io.camunda:http-json:1', name='HTTP REST', timeout=null, maxJobsActive=null, requestTimeout=null, pollInterval=null, autoComplete=true, fetchVariables=[url, method, authentication, headers, queryParameters, connectionTimeoutInSeconds, readTimeoutInSeconds, writeTimeoutInSeconds, body], enabled=null, methodInfo=null}
2024-07-22T16:00:36.629+02:00  INFO 222718 --- [           main] c.a.p.ZeebeDeploymentAnnotationProcessor : Deployed: <web-self-service-rica:1>
2024-07-22T16:00:36.630+02:00  INFO 222718 --- [           main] i.c.z.s.c.jobhandling.JobWorkerManager   : . Starting Zeebe worker: ZeebeWorkerValue{type='do_nothing', name='nothingWorker#doNothing', timeout=-1, maxJobsActive=-1, requestTimeout=-1, pollInterval=-1, autoComplete=true, fetchVariables=[], enabled=true, methodInfo=io.camunda.zeebe.spring.client.bean.MethodInfo@3e5ebdfe}
2024-07-22T16:00:36.631+02:00  INFO 222718 --- [           main] z.s.t.AbstractZeebeTestExecutionListener : ...deployments and workers started.
2024-07-22T16:00:37.327+02:00  INFO 222718 --- [erver-EventLog0] org.mockserver.log.MockServerEventLog    : 2020 started on port: 2020
2024-07-22T16:00:37.551+02:00  INFO 222718 --- [erver-EventLog0] org.mockserver.log.MockServerEventLog    : 2020 creating expectation:

  {
    "httpRequest" : {
      "method" : "GET",
      "path" : "/sim-verification/api/v1/iccid/983484939832983298"
    },
    "httpResponse" : {
      "statusCode" : 200,
      "headers" : {
        "Content-Type" : [ "application/json; charset=utf-8" ],
        "Cache-Control" : [ "public, max-age=86400" ]
      },
      "body" : "{\"simAvailable\":true}"
    },
    "id" : "bab75627-a306-4c30-ac3b-45a6fd17be78",
    "priority" : 0,
    "timeToLive" : {
      "unlimited" : true
    },
    "times" : {
      "unlimited" : true
    }
  }

 with id:

  bab75627-a306-4c30-ac3b-45a6fd17be78

2024-07-22T16:00:37.563+02:00  INFO 222718 --- [erver-EventLog0] org.mockserver.log.MockServerEventLog    : 2020 creating expectation:

  {
    "httpRequest" : {
      "method" : "GET",
      "path" : "/party/api/v1/extended/identification-number/0011245516088"
    },
    "httpResponse" : {
      "statusCode" : 200,
      "headers" : {
        "Content-Type" : [ "application/json; charset=utf-8" ],
        "Cache-Control" : [ "public, max-age=86400" ]
      },
      "body" : "{\"simAvailable\":true}"
    },
    "id" : "1c649e56-f2db-4fb8-9eea-b8bcde979a23",
    "priority" : 0,
    "timeToLive" : {
      "unlimited" : true
    },
    "times" : {
      "unlimited" : true
    }
  }

 with id:

  1c649e56-f2db-4fb8-9eea-b8bcde979a23

2024-07-22T16:00:37.573+02:00  INFO 222718 --- [erver-EventLog0] org.mockserver.log.MockServerEventLog    : 2020 creating expectation:

  {
    "httpRequest" : {
      "method" : "GET",
      "path" : "/credit-bureau/api/v1/extended/identification-number/0011245516088"
    },
    "httpResponse" : {
      "statusCode" : 200,
      "headers" : {
        "Content-Type" : [ "application/json; charset=utf-8" ],
        "Cache-Control" : [ "public, max-age=86400" ]
      },
      "body" : "{\"simAvailable\":true}"
    },
    "id" : "995e631f-bce1-45a4-a34f-60b7e96a5e5a",
    "priority" : 0,
    "timeToLive" : {
      "unlimited" : true
    },
    "times" : {
      "unlimited" : true
    }
  }

 with id:

  995e631f-bce1-45a4-a34f-60b7e96a5e5a

2024-07-22T16:00:37.585+02:00  INFO 222718 --- [erver-EventLog0] org.mockserver.log.MockServerEventLog    : 2020 creating expectation:

  {
    "httpRequest" : {
      "method" : "POST",
      "path" : "/ivs-check/api/v1/extended/identification-number",
      "body" : "{\"identificationNumber\":\"0011245516088\"}"
    },
    "httpResponse" : {
      "statusCode" : 200,
      "headers" : {
        "Content-Type" : [ "application/json; charset=utf-8" ],
        "Cache-Control" : [ "pulbic, max-age=86400" ]
      },
      "body" : "{\"simAvailable\":true}"
    },
    "id" : "a1aac20c-706e-454c-b317-3a7bd43bb48d",
    "priority" : 0,
    "timeToLive" : {
      "unlimited" : true
    },
    "times" : {
      "unlimited" : true
    }
  }

 with id:

  a1aac20c-706e-454c-b317-3a7bd43bb48d

2024-07-22T16:00:37.588+02:00  INFO 222718 --- [           main] za.co.telkom.bpmn.test.RicaTest          : Step 1 : Start Process
2024-07-22T16:00:37.700+02:00  INFO 222718 --- [pool-6-thread-1] i.c.c.r.c.outbound.ConnectorJobHandler   : Received job: 2251799813685287 for tenant: 
2024-07-22T16:00:37.720+02:00  INFO 222718 --- [pool-6-thread-1] org.camunda.feel.FeelEngine              : Engine created. [value-mapper: CompositeValueMapper(List(org.camunda.feel.impl.JavaValueMapper@3597b2d4)), function-provider: io.camunda.connector.feel.FeelConnectorFunctionProvider@26aa1262, clock: SystemClock, configuration: {externalFunctionsEnabled: false}]
2024-07-22T16:00:37.835+02:00  INFO 222718 --- [erver-EventLog0] org.mockserver.log.MockServerEventLog    : 2020 received request:

  {
    "method" : "GET",
    "path" : "/sim-verification/api/v1/iccid/983484939832983298",
    "headers" : {
      "content-length" : [ "0" ],
      "User-Agent" : [ "Google-HTTP-Java-Client/1.43.3 (gzip)" ],
      "Host" : [ "localhost:2020" ],
      "Connection" : [ "Keep-Alive" ],
      "Accept-Encoding" : [ "gzip" ]
    },
    "keepAlive" : true,
    "secure" : false,
    "protocol" : "HTTP_1_1",
    "localAddress" : "127.0.0.1:2020",
    "remoteAddress" : "127.0.0.1:59854"
  }

2024-07-22T16:00:37.836+02:00  INFO 222718 --- [erver-EventLog0] org.mockserver.log.MockServerEventLog    : 2020 request:

  {
    "method" : "GET",
    "path" : "/sim-verification/api/v1/iccid/983484939832983298",
    "headers" : {
      "content-length" : [ "0" ],
      "User-Agent" : [ "Google-HTTP-Java-Client/1.43.3 (gzip)" ],
      "Host" : [ "localhost:2020" ],
      "Connection" : [ "Keep-Alive" ],
      "Accept-Encoding" : [ "gzip" ]
    },
    "keepAlive" : true,
    "secure" : false,
    "protocol" : "HTTP_1_1",
    "localAddress" : "127.0.0.1:2020",
    "remoteAddress" : "127.0.0.1:59854"
  }

 matched expectation:

  {
    "httpRequest" : {
      "method" : "GET",
      "path" : "/sim-verification/api/v1/iccid/983484939832983298"
    },
    "httpResponse" : {
      "statusCode" : 200,
      "headers" : {
        "Content-Type" : [ "application/json; charset=utf-8" ],
        "Cache-Control" : [ "public, max-age=86400" ]
      },
      "body" : "{\"simAvailable\":true}"
    },
    "id" : "bab75627-a306-4c30-ac3b-45a6fd17be78",
    "priority" : 0,
    "timeToLive" : {
      "unlimited" : true
    },
    "times" : {
      "unlimited" : true
    }
  }

2024-07-22T16:00:37.842+02:00  INFO 222718 --- [erver-EventLog0] org.mockserver.log.MockServerEventLog    : 2020 returning response:

  {
    "statusCode" : 200,
    "headers" : {
      "Content-Type" : [ "application/json; charset=utf-8" ],
      "Cache-Control" : [ "public, max-age=86400" ]
    },
    "body" : "{\"simAvailable\":true}"
  }

 for request:

  {
    "method" : "GET",
    "path" : "/sim-verification/api/v1/iccid/983484939832983298",
    "headers" : {
      "content-length" : [ "0" ],
      "User-Agent" : [ "Google-HTTP-Java-Client/1.43.3 (gzip)" ],
      "Host" : [ "localhost:2020" ],
      "Connection" : [ "Keep-Alive" ],
      "Accept-Encoding" : [ "gzip" ]
    },
    "keepAlive" : true,
    "secure" : false,
    "protocol" : "HTTP_1_1",
    "localAddress" : "127.0.0.1:2020",
    "remoteAddress" : "127.0.0.1:59854"
  }

 for action:

  {
    "statusCode" : 200,
    "headers" : {
      "Content-Type" : [ "application/json; charset=utf-8" ],
      "Cache-Control" : [ "public, max-age=86400" ]
    },
    "body" : "{\"simAvailable\":true}"
  }

 from expectation:

  bab75627-a306-4c30-ac3b-45a6fd17be78

2024-07-22T16:00:37.943+02:00  INFO 222718 --- [pool-6-thread-1] i.c.c.r.c.outbound.ConnectorJobHandler   : Received job: 2251799813685303 for tenant: 
2024-07-22T16:00:37.959+02:00  INFO 222718 --- [erver-EventLog0] org.mockserver.log.MockServerEventLog    : 2020 received request:

  {
    "method" : "GET",
    "path" : "/party/api/v1/extended/identification-number/0011245516088",
    "headers" : {
      "content-length" : [ "0" ],
      "User-Agent" : [ "Google-HTTP-Java-Client/1.43.3 (gzip)" ],
      "Host" : [ "localhost:2020" ],
      "Connection" : [ "Keep-Alive" ],
      "Accept-Encoding" : [ "gzip" ]
    },
    "keepAlive" : true,
    "secure" : false,
    "protocol" : "HTTP_1_1",
    "localAddress" : "127.0.0.1:2020",
    "remoteAddress" : "127.0.0.1:59854"
  }

2024-07-22T16:00:37.960+02:00  INFO 222718 --- [erver-EventLog0] org.mockserver.log.MockServerEventLog    : 2020 request:

  {
    "method" : "GET",
    "path" : "/party/api/v1/extended/identification-number/0011245516088",
    "headers" : {
      "content-length" : [ "0" ],
      "User-Agent" : [ "Google-HTTP-Java-Client/1.43.3 (gzip)" ],
      "Host" : [ "localhost:2020" ],
      "Connection" : [ "Keep-Alive" ],
      "Accept-Encoding" : [ "gzip" ]
    },
    "keepAlive" : true,
    "secure" : false,
    "protocol" : "HTTP_1_1",
    "localAddress" : "127.0.0.1:2020",
    "remoteAddress" : "127.0.0.1:59854"
  }

 didn't match expectation:

  {
    "httpRequest" : {
      "method" : "GET",
      "path" : "/sim-verification/api/v1/iccid/983484939832983298"
    },
    "httpResponse" : {
      "statusCode" : 200,
      "headers" : {
        "Content-Type" : [ "application/json; charset=utf-8" ],
        "Cache-Control" : [ "public, max-age=86400" ]
      },
      "body" : "{\"simAvailable\":true}"
    },
    "id" : "bab75627-a306-4c30-ac3b-45a6fd17be78",
    "priority" : 0,
    "timeToLive" : {
      "unlimited" : true
    },
    "times" : {
      "unlimited" : true
    }
  }

 because:

  method matched
  path didn't match

2024-07-22T16:00:37.961+02:00  INFO 222718 --- [erver-EventLog0] org.mockserver.log.MockServerEventLog    : 2020 request:

  {
    "method" : "GET",
    "path" : "/party/api/v1/extended/identification-number/0011245516088",
    "headers" : {
      "content-length" : [ "0" ],
      "User-Agent" : [ "Google-HTTP-Java-Client/1.43.3 (gzip)" ],
      "Host" : [ "localhost:2020" ],
      "Connection" : [ "Keep-Alive" ],
      "Accept-Encoding" : [ "gzip" ]
    },
    "keepAlive" : true,
    "secure" : false,
    "protocol" : "HTTP_1_1",
    "localAddress" : "127.0.0.1:2020",
    "remoteAddress" : "127.0.0.1:59854"
  }

 matched expectation:

  {
    "httpRequest" : {
      "method" : "GET",
      "path" : "/party/api/v1/extended/identification-number/0011245516088"
    },
    "httpResponse" : {
      "statusCode" : 200,
      "headers" : {
        "Content-Type" : [ "application/json; charset=utf-8" ],
        "Cache-Control" : [ "public, max-age=86400" ]
      },
      "body" : "{\"simAvailable\":true}"
    },
    "id" : "1c649e56-f2db-4fb8-9eea-b8bcde979a23",
    "priority" : 0,
    "timeToLive" : {
      "unlimited" : true
    },
    "times" : {
      "unlimited" : true
    }
  }

2024-07-22T16:00:37.962+02:00  INFO 222718 --- [erver-EventLog0] org.mockserver.log.MockServerEventLog    : 2020 returning response:

  {
    "statusCode" : 200,
    "headers" : {
      "Content-Type" : [ "application/json; charset=utf-8" ],
      "Cache-Control" : [ "public, max-age=86400" ]
    },
    "body" : "{\"simAvailable\":true}"
  }

 for request:

  {
    "method" : "GET",
    "path" : "/party/api/v1/extended/identification-number/0011245516088",
    "headers" : {
      "content-length" : [ "0" ],
      "User-Agent" : [ "Google-HTTP-Java-Client/1.43.3 (gzip)" ],
      "Host" : [ "localhost:2020" ],
      "Connection" : [ "Keep-Alive" ],
      "Accept-Encoding" : [ "gzip" ]
    },
    "keepAlive" : true,
    "secure" : false,
    "protocol" : "HTTP_1_1",
    "localAddress" : "127.0.0.1:2020",
    "remoteAddress" : "127.0.0.1:59854"
  }

 for action:

  {
    "statusCode" : 200,
    "headers" : {
      "Content-Type" : [ "application/json; charset=utf-8" ],
      "Cache-Control" : [ "public, max-age=86400" ]
    },
    "body" : "{\"simAvailable\":true}"
  }

 from expectation:

  1c649e56-f2db-4fb8-9eea-b8bcde979a23

2024-07-22T16:00:37.980+02:00  INFO 222718 --- [pool-6-thread-1] i.c.c.r.c.outbound.ConnectorJobHandler   : Received job: 2251799813685315 for tenant: 
2024-07-22T16:00:37.995+02:00  INFO 222718 --- [erver-EventLog0] org.mockserver.log.MockServerEventLog    : 2020 received request:

  {
    "method" : "GET",
    "path" : "/credit-bureau/api/v1/extended/identification-number/0011245516088",
    "headers" : {
      "content-length" : [ "0" ],
      "User-Agent" : [ "Google-HTTP-Java-Client/1.43.3 (gzip)" ],
      "Host" : [ "localhost:2020" ],
      "Connection" : [ "Keep-Alive" ],
      "Accept-Encoding" : [ "gzip" ]
    },
    "keepAlive" : true,
    "secure" : false,
    "protocol" : "HTTP_1_1",
    "localAddress" : "127.0.0.1:2020",
    "remoteAddress" : "127.0.0.1:59854"
  }

2024-07-22T16:00:37.996+02:00  INFO 222718 --- [erver-EventLog0] org.mockserver.log.MockServerEventLog    : 2020 request:

  {
    "method" : "GET",
    "path" : "/credit-bureau/api/v1/extended/identification-number/0011245516088",
    "headers" : {
      "content-length" : [ "0" ],
      "User-Agent" : [ "Google-HTTP-Java-Client/1.43.3 (gzip)" ],
      "Host" : [ "localhost:2020" ],
      "Connection" : [ "Keep-Alive" ],
      "Accept-Encoding" : [ "gzip" ]
    },
    "keepAlive" : true,
    "secure" : false,
    "protocol" : "HTTP_1_1",
    "localAddress" : "127.0.0.1:2020",
    "remoteAddress" : "127.0.0.1:59854"
  }

 didn't match expectation:

  {
    "httpRequest" : {
      "method" : "GET",
      "path" : "/sim-verification/api/v1/iccid/983484939832983298"
    },
    "httpResponse" : {
      "statusCode" : 200,
      "headers" : {
        "Content-Type" : [ "application/json; charset=utf-8" ],
        "Cache-Control" : [ "public, max-age=86400" ]
      },
      "body" : "{\"simAvailable\":true}"
    },
    "id" : "bab75627-a306-4c30-ac3b-45a6fd17be78",
    "priority" : 0,
    "timeToLive" : {
      "unlimited" : true
    },
    "times" : {
      "unlimited" : true
    }
  }

 because:

  method matched
  path didn't match

2024-07-22T16:00:37.996+02:00  INFO 222718 --- [erver-EventLog0] org.mockserver.log.MockServerEventLog    : 2020 request:

  {
    "method" : "GET",
    "path" : "/credit-bureau/api/v1/extended/identification-number/0011245516088",
    "headers" : {
      "content-length" : [ "0" ],
      "User-Agent" : [ "Google-HTTP-Java-Client/1.43.3 (gzip)" ],
      "Host" : [ "localhost:2020" ],
      "Connection" : [ "Keep-Alive" ],
      "Accept-Encoding" : [ "gzip" ]
    },
    "keepAlive" : true,
    "secure" : false,
    "protocol" : "HTTP_1_1",
    "localAddress" : "127.0.0.1:2020",
    "remoteAddress" : "127.0.0.1:59854"
  }

 didn't match expectation:

  {
    "httpRequest" : {
      "method" : "GET",
      "path" : "/party/api/v1/extended/identification-number/0011245516088"
    },
    "httpResponse" : {
      "statusCode" : 200,
      "headers" : {
        "Content-Type" : [ "application/json; charset=utf-8" ],
        "Cache-Control" : [ "public, max-age=86400" ]
      },
      "body" : "{\"simAvailable\":true}"
    },
    "id" : "1c649e56-f2db-4fb8-9eea-b8bcde979a23",
    "priority" : 0,
    "timeToLive" : {
      "unlimited" : true
    },
    "times" : {
      "unlimited" : true
    }
  }

 because:

  method matched
  path didn't match

2024-07-22T16:00:37.997+02:00  INFO 222718 --- [erver-EventLog0] org.mockserver.log.MockServerEventLog    : 2020 request:

  {
    "method" : "GET",
    "path" : "/credit-bureau/api/v1/extended/identification-number/0011245516088",
    "headers" : {
      "content-length" : [ "0" ],
      "User-Agent" : [ "Google-HTTP-Java-Client/1.43.3 (gzip)" ],
      "Host" : [ "localhost:2020" ],
      "Connection" : [ "Keep-Alive" ],
      "Accept-Encoding" : [ "gzip" ]
    },
    "keepAlive" : true,
    "secure" : false,
    "protocol" : "HTTP_1_1",
    "localAddress" : "127.0.0.1:2020",
    "remoteAddress" : "127.0.0.1:59854"
  }

 matched expectation:

  {
    "httpRequest" : {
      "method" : "GET",
      "path" : "/credit-bureau/api/v1/extended/identification-number/0011245516088"
    },
    "httpResponse" : {
      "statusCode" : 200,
      "headers" : {
        "Content-Type" : [ "application/json; charset=utf-8" ],
        "Cache-Control" : [ "public, max-age=86400" ]
      },
      "body" : "{\"simAvailable\":true}"
    },
    "id" : "995e631f-bce1-45a4-a34f-60b7e96a5e5a",
    "priority" : 0,
    "timeToLive" : {
      "unlimited" : true
    },
    "times" : {
      "unlimited" : true
    }
  }

2024-07-22T16:00:37.997+02:00  INFO 222718 --- [erver-EventLog0] org.mockserver.log.MockServerEventLog    : 2020 returning response:

  {
    "statusCode" : 200,
    "headers" : {
      "Content-Type" : [ "application/json; charset=utf-8" ],
      "Cache-Control" : [ "public, max-age=86400" ]
    },
    "body" : "{\"simAvailable\":true}"
  }

 for request:

  {
    "method" : "GET",
    "path" : "/credit-bureau/api/v1/extended/identification-number/0011245516088",
    "headers" : {
      "content-length" : [ "0" ],
      "User-Agent" : [ "Google-HTTP-Java-Client/1.43.3 (gzip)" ],
      "Host" : [ "localhost:2020" ],
      "Connection" : [ "Keep-Alive" ],
      "Accept-Encoding" : [ "gzip" ]
    },
    "keepAlive" : true,
    "secure" : false,
    "protocol" : "HTTP_1_1",
    "localAddress" : "127.0.0.1:2020",
    "remoteAddress" : "127.0.0.1:59854"
  }

 for action:

  {
    "statusCode" : 200,
    "headers" : {
      "Content-Type" : [ "application/json; charset=utf-8" ],
      "Cache-Control" : [ "public, max-age=86400" ]
    },
    "body" : "{\"simAvailable\":true}"
  }

 from expectation:

  995e631f-bce1-45a4-a34f-60b7e96a5e5a

2024-07-22T16:00:38.117+02:00  INFO 222718 --- [pool-6-thread-1] i.c.c.r.c.outbound.ConnectorJobHandler   : Received job: 2251799813685330 for tenant: 
2024-07-22T16:00:38.134+02:00  INFO 222718 --- [erver-EventLog0] org.mockserver.log.MockServerEventLog    : 2020 received request:

  {
    "method" : "POST",
    "path" : "/ivs-check/api/v1/extended/identification-number",
    "headers" : {
      "User-Agent" : [ "Google-HTTP-Java-Client/1.43.3 (gzip)" ],
      "Host" : [ "localhost:2020" ],
      "Content-Type" : [ "application/json" ],
      "Content-Length" : [ "40" ],
      "Connection" : [ "Keep-Alive" ],
      "Accept-Encoding" : [ "gzip" ]
    },
    "keepAlive" : true,
    "secure" : false,
    "protocol" : "HTTP_1_1",
    "localAddress" : "127.0.0.1:2020",
    "remoteAddress" : "127.0.0.1:59854",
    "body" : {
      "identificationNumber" : "0011245516088"
    }
  }

2024-07-22T16:00:38.134+02:00  INFO 222718 --- [erver-EventLog0] org.mockserver.log.MockServerEventLog    : 2020 request:

  {
    "method" : "POST",
    "path" : "/ivs-check/api/v1/extended/identification-number",
    "headers" : {
      "User-Agent" : [ "Google-HTTP-Java-Client/1.43.3 (gzip)" ],
      "Host" : [ "localhost:2020" ],
      "Content-Type" : [ "application/json" ],
      "Content-Length" : [ "40" ],
      "Connection" : [ "Keep-Alive" ],
      "Accept-Encoding" : [ "gzip" ]
    },
    "keepAlive" : true,
    "secure" : false,
    "protocol" : "HTTP_1_1",
    "localAddress" : "127.0.0.1:2020",
    "remoteAddress" : "127.0.0.1:59854",
    "body" : {
      "identificationNumber" : "0011245516088"
    }
  }

 didn't match expectation:

  {
    "httpRequest" : {
      "method" : "GET",
      "path" : "/sim-verification/api/v1/iccid/983484939832983298"
    },
    "httpResponse" : {
      "statusCode" : 200,
      "headers" : {
        "Content-Type" : [ "application/json; charset=utf-8" ],
        "Cache-Control" : [ "public, max-age=86400" ]
      },
      "body" : "{\"simAvailable\":true}"
    },
    "id" : "bab75627-a306-4c30-ac3b-45a6fd17be78",
    "priority" : 0,
    "timeToLive" : {
      "unlimited" : true
    },
    "times" : {
      "unlimited" : true
    }
  }

 because:

  method didn't match

2024-07-22T16:00:38.135+02:00  INFO 222718 --- [erver-EventLog0] org.mockserver.log.MockServerEventLog    : 2020 request:

  {
    "method" : "POST",
    "path" : "/ivs-check/api/v1/extended/identification-number",
    "headers" : {
      "User-Agent" : [ "Google-HTTP-Java-Client/1.43.3 (gzip)" ],
      "Host" : [ "localhost:2020" ],
      "Content-Type" : [ "application/json" ],
      "Content-Length" : [ "40" ],
      "Connection" : [ "Keep-Alive" ],
      "Accept-Encoding" : [ "gzip" ]
    },
    "keepAlive" : true,
    "secure" : false,
    "protocol" : "HTTP_1_1",
    "localAddress" : "127.0.0.1:2020",
    "remoteAddress" : "127.0.0.1:59854",
    "body" : {
      "identificationNumber" : "0011245516088"
    }
  }

 didn't match expectation:

  {
    "httpRequest" : {
      "method" : "GET",
      "path" : "/party/api/v1/extended/identification-number/0011245516088"
    },
    "httpResponse" : {
      "statusCode" : 200,
      "headers" : {
        "Content-Type" : [ "application/json; charset=utf-8" ],
        "Cache-Control" : [ "public, max-age=86400" ]
      },
      "body" : "{\"simAvailable\":true}"
    },
    "id" : "1c649e56-f2db-4fb8-9eea-b8bcde979a23",
    "priority" : 0,
    "timeToLive" : {
      "unlimited" : true
    },
    "times" : {
      "unlimited" : true
    }
  }

 because:

  method didn't match

2024-07-22T16:00:38.136+02:00  INFO 222718 --- [erver-EventLog0] org.mockserver.log.MockServerEventLog    : 2020 request:

  {
    "method" : "POST",
    "path" : "/ivs-check/api/v1/extended/identification-number",
    "headers" : {
      "User-Agent" : [ "Google-HTTP-Java-Client/1.43.3 (gzip)" ],
      "Host" : [ "localhost:2020" ],
      "Content-Type" : [ "application/json" ],
      "Content-Length" : [ "40" ],
      "Connection" : [ "Keep-Alive" ],
      "Accept-Encoding" : [ "gzip" ]
    },
    "keepAlive" : true,
    "secure" : false,
    "protocol" : "HTTP_1_1",
    "localAddress" : "127.0.0.1:2020",
    "remoteAddress" : "127.0.0.1:59854",
    "body" : {
      "identificationNumber" : "0011245516088"
    }
  }

 didn't match expectation:

  {
    "httpRequest" : {
      "method" : "GET",
      "path" : "/credit-bureau/api/v1/extended/identification-number/0011245516088"
    },
    "httpResponse" : {
      "statusCode" : 200,
      "headers" : {
        "Content-Type" : [ "application/json; charset=utf-8" ],
        "Cache-Control" : [ "public, max-age=86400" ]
      },
      "body" : "{\"simAvailable\":true}"
    },
    "id" : "995e631f-bce1-45a4-a34f-60b7e96a5e5a",
    "priority" : 0,
    "timeToLive" : {
      "unlimited" : true
    },
    "times" : {
      "unlimited" : true
    }
  }

 because:

  method didn't match

2024-07-22T16:00:38.136+02:00  INFO 222718 --- [erver-EventLog0] org.mockserver.log.MockServerEventLog    : 2020 request:

  {
    "method" : "POST",
    "path" : "/ivs-check/api/v1/extended/identification-number",
    "headers" : {
      "User-Agent" : [ "Google-HTTP-Java-Client/1.43.3 (gzip)" ],
      "Host" : [ "localhost:2020" ],
      "Content-Type" : [ "application/json" ],
      "Content-Length" : [ "40" ],
      "Connection" : [ "Keep-Alive" ],
      "Accept-Encoding" : [ "gzip" ]
    },
    "keepAlive" : true,
    "secure" : false,
    "protocol" : "HTTP_1_1",
    "localAddress" : "127.0.0.1:2020",
    "remoteAddress" : "127.0.0.1:59854",
    "body" : {
      "identificationNumber" : "0011245516088"
    }
  }

 matched expectation:

  {
    "httpRequest" : {
      "method" : "POST",
      "path" : "/ivs-check/api/v1/extended/identification-number",
      "body" : "{\"identificationNumber\":\"0011245516088\"}"
    },
    "httpResponse" : {
      "statusCode" : 200,
      "headers" : {
        "Content-Type" : [ "application/json; charset=utf-8" ],
        "Cache-Control" : [ "pulbic, max-age=86400" ]
      },
      "body" : "{\"simAvailable\":true}"
    },
    "id" : "a1aac20c-706e-454c-b317-3a7bd43bb48d",
    "priority" : 0,
    "timeToLive" : {
      "unlimited" : true
    },
    "times" : {
      "unlimited" : true
    }
  }

2024-07-22T16:00:38.137+02:00  INFO 222718 --- [erver-EventLog0] org.mockserver.log.MockServerEventLog    : 2020 returning response:

  {
    "statusCode" : 200,
    "headers" : {
      "Content-Type" : [ "application/json; charset=utf-8" ],
      "Cache-Control" : [ "pulbic, max-age=86400" ]
    },
    "body" : "{\"simAvailable\":true}"
  }

 for request:

  {
    "method" : "POST",
    "path" : "/ivs-check/api/v1/extended/identification-number",
    "headers" : {
      "User-Agent" : [ "Google-HTTP-Java-Client/1.43.3 (gzip)" ],
      "Host" : [ "localhost:2020" ],
      "Content-Type" : [ "application/json" ],
      "Content-Length" : [ "40" ],
      "Connection" : [ "Keep-Alive" ],
      "Accept-Encoding" : [ "gzip" ]
    },
    "keepAlive" : true,
    "secure" : false,
    "protocol" : "HTTP_1_1",
    "localAddress" : "127.0.0.1:2020",
    "remoteAddress" : "127.0.0.1:59854",
    "body" : {
      "identificationNumber" : "0011245516088"
    }
  }

 for action:

  {
    "statusCode" : 200,
    "headers" : {
      "Content-Type" : [ "application/json; charset=utf-8" ],
      "Cache-Control" : [ "pulbic, max-age=86400" ]
    },
    "body" : "{\"simAvailable\":true}"
  }

 from expectation:

  a1aac20c-706e-454c-b317-3a7bd43bb48d

2024-07-22T16:00:39.979+02:00  INFO 222718 --- [pool-6-thread-1] z.c.t.bpmn.worker.nothing.NothingWorker  : Begin : Do Nothing
2024-07-22T16:00:39.980+02:00  INFO 222718 --- [pool-6-thread-1] z.c.t.bpmn.worker.nothing.NothingWorker  : End : Do Nothing
2024-07-22T16:00:39.986+02:00  INFO 222718 --- [pool-6-thread-1] z.c.t.bpmn.worker.nothing.NothingWorker  : Begin : Do Nothing
2024-07-22T16:00:39.987+02:00  INFO 222718 --- [pool-6-thread-1] z.c.t.bpmn.worker.nothing.NothingWorker  : End : Do Nothing
2024-07-22T16:00:39.994+02:00  INFO 222718 --- [pool-6-thread-1] z.c.t.bpmn.worker.nothing.NothingWorker  : Begin : Do Nothing
2024-07-22T16:00:39.994+02:00  INFO 222718 --- [pool-6-thread-1] z.c.t.bpmn.worker.nothing.NothingWorker  : End : Do Nothing
2024-07-22T16:00:40.005+02:00  INFO 222718 --- [pool-6-thread-1] z.c.t.bpmn.worker.nothing.NothingWorker  : Begin : Do Nothing
2024-07-22T16:00:40.006+02:00  INFO 222718 --- [pool-6-thread-1] z.c.t.bpmn.worker.nothing.NothingWorker  : End : Do Nothing
2024-07-22T16:00:40.006+02:00  INFO 222718 --- [pool-6-thread-1] z.c.t.bpmn.worker.nothing.NothingWorker  : Begin : Do Nothing
2024-07-22T16:00:40.007+02:00  INFO 222718 --- [pool-6-thread-1] z.c.t.bpmn.worker.nothing.NothingWorker  : End : Do Nothing
2024-07-22T16:00:50.592+02:00  INFO 222718 --- [pool-6-thread-1] z.c.t.bpmn.worker.nothing.NothingWorker  : Begin : Do Nothing
2024-07-22T16:00:50.592+02:00  INFO 222718 --- [pool-6-thread-1] z.c.t.bpmn.worker.nothing.NothingWorker  : End : Do Nothing
2024-07-22T16:00:50.603+02:00  INFO 222718 --- [pool-6-thread-1] z.c.t.bpmn.worker.nothing.NothingWorker  : Begin : Do Nothing
2024-07-22T16:00:50.603+02:00  INFO 222718 --- [pool-6-thread-1] z.c.t.bpmn.worker.nothing.NothingWorker  : End : Do Nothing
2024-07-22T16:01:50.748+02:00  INFO 222718 --- [pool-6-thread-1] z.c.t.bpmn.worker.nothing.NothingWorker  : Begin : Do Nothing
2024-07-22T16:01:50.748+02:00  INFO 222718 --- [pool-6-thread-1] z.c.t.bpmn.worker.nothing.NothingWorker  : End : Do Nothing
2024-07-22T16:01:50.856+02:00  INFO 222718 --- [pool-6-thread-1] z.c.t.bpmn.worker.nothing.NothingWorker  : Begin : Do Nothing
2024-07-22T16:01:50.857+02:00  INFO 222718 --- [pool-6-thread-1] z.c.t.bpmn.worker.nothing.NothingWorker  : End : Do Nothing
2024-07-22T16:01:50.963+02:00  INFO 222718 --- [pool-6-thread-1] z.c.t.bpmn.worker.nothing.NothingWorker  : Begin : Do Nothing
2024-07-22T16:01:50.963+02:00  INFO 222718 --- [pool-6-thread-1] z.c.t.bpmn.worker.nothing.NothingWorker  : End : Do Nothing
2024-07-22T16:01:51.067+02:00  INFO 222718 --- [pool-6-thread-1] z.c.t.bpmn.worker.nothing.NothingWorker  : Begin : Do Nothing
2024-07-22T16:01:51.067+02:00  INFO 222718 --- [pool-6-thread-1] z.c.t.bpmn.worker.nothing.NothingWorker  : End : Do Nothing
2024-07-22T16:01:51.073+02:00  INFO 222718 --- [pool-6-thread-1] z.c.t.bpmn.worker.nothing.NothingWorker  : Begin : Do Nothing
2024-07-22T16:01:51.073+02:00  INFO 222718 --- [pool-6-thread-1] z.c.t.bpmn.worker.nothing.NothingWorker  : End : Do Nothing
2024-07-22T16:01:51.177+02:00  INFO 222718 --- [pool-6-thread-1] z.c.t.bpmn.worker.nothing.NothingWorker  : Begin : Do Nothing
2024-07-22T16:01:51.178+02:00  INFO 222718 --- [pool-6-thread-1] z.c.t.bpmn.worker.nothing.NothingWorker  : End : Do Nothing
2024-07-22T16:01:51.282+02:00  INFO 222718 --- [pool-6-thread-1] z.c.t.bpmn.worker.nothing.NothingWorker  : Begin : Do Nothing
2024-07-22T16:01:51.282+02:00  INFO 222718 --- [pool-6-thread-1] z.c.t.bpmn.worker.nothing.NothingWorker  : End : Do Nothing
2024-07-22T16:01:51.389+02:00  INFO 222718 --- [pool-6-thread-1] z.c.t.bpmn.worker.nothing.NothingWorker  : Begin : Do Nothing
2024-07-22T16:01:51.390+02:00  INFO 222718 --- [pool-6-thread-1] z.c.t.bpmn.worker.nothing.NothingWorker  : End : Do Nothing
2024-07-22T16:01:51.480+02:00  INFO 222718 --- [    zb-actors-4] io.camunda.zeebe.logstreams              : Close appender for log stream null
2024-07-22T16:01:51.480+02:00  INFO 222718 --- [    zb-actors-4] i.c.zeebe.logstreams.impl.log.Sequencer  : Closing sequencer for writing
2024-07-22T16:01:51.480+02:00  INFO 222718 --- [    zb-actors-7] io.camunda.zeebe.logstreams              : On closing logstream null close 2 readers
]]></system-out>
    <system-err><![CDATA[WARNING: A Java agent has been loaded dynamically (/home/keleper/.m2/repository/net/bytebuddy/byte-buddy-agent/1.14.12/byte-buddy-agent-1.14.12.jar)
WARNING: If a serviceability tool is in use, please run with -XX:+EnableDynamicAgentLoading to hide this warning
WARNING: If a serviceability tool is not in use, please run with -Djdk.instrument.traceUsage for more information
WARNING: Dynamic loading of agents will be disallowed by default in a future release
]]></system-err>
  </testcase>
</testsuite>