<?xml version="1.0" encoding="UTF-8"?>
<testsuite xmlns:xsi="http://www.w3.org/2001/XMLSchema-instance" xsi:noNamespaceSchemaLocation="https://maven.apache.org/surefire/maven-surefire-plugin/xsd/surefire-test-report-3.0.xsd" version="3.0" name="za.co.telkom.bpmn.test.PushTest" time="10.052" tests="1" errors="0" skipped="0" failures="0">
  <properties>
[...]
</properties>
  <testcase name="view_puk_end_to_end_happy_test" classname="za.co.telkom.bpmn.test.PushTest" time="3.665">
    <system-out><![CDATA[11:30:14.139 [MockServer-EventLog0] INFO org.mockserver.log.MockServerEventLog -- 2020 started on port: 2020

  .   ____          _            __ _ _
 /\\ / ___'_ __ _ _(_)_ __  __ _ \ \ \ \
( ( )\___ | '_ | '_| | '_ \/ _` | \ \ \ \
 \\/  ___)| |_)| | | | | || (_| |  ) ) ) )
  '  |____| .__|_| |_|_| |_\__, | / / / /
 =========|_|==============|___/=/_/_/_/
 :: Spring Boot ::                (v3.2.3)

2024-07-24T11:30:14.608+02:00  INFO 879589 --- [           main] za.co.telkom.bpmn.test.PushTest          : Starting PushTest using Java 21.0.3 with PID 879589 (started by sulemamr in /home/sulemamr/Downloads/push_notification_bpmn/push-notification-workflow)
2024-07-24T11:30:14.609+02:00  INFO 879589 --- [           main] za.co.telkom.bpmn.test.PushTest          : No active profile set, falling back to 1 default profile: "default"
2024-07-24T11:30:16.332+02:00  WARN 879589 --- [           main] trationDelegate$BeanPostProcessorChecker : Bean 'io.camunda.zeebe.spring.client.annotation.processor.AnnotationProcessorConfiguration' of type [io.camunda.zeebe.spring.client.annotation.processor.AnnotationProcessorConfiguration] is not eligible for getting processed by all BeanPostProcessors (for example: not eligible for auto-proxying). The currently created BeanPostProcessor [zeebeAnnotationProcessorRegistry] is declared through a non-static factory method on that class; consider declaring it as static instead.
2024-07-24T11:30:16.335+02:00  WARN 879589 --- [           main] trationDelegate$BeanPostProcessorChecker : Bean 'io.camunda.connector.runtime.outbound.OutboundConnectorRuntimeConfiguration' of type [io.camunda.connector.runtime.outbound.OutboundConnectorRuntimeConfiguration$$SpringCGLIB$$0] is not eligible for getting processed by all BeanPostProcessors (for example: not eligible for auto-proxying). Is this bean getting eagerly injected into a currently created BeanPostProcessor [zeebeAnnotationProcessorRegistry]? Check the corresponding BeanPostProcessor declaration and its dependencies.
2024-07-24T11:30:16.409+02:00  WARN 879589 --- [           main] trationDelegate$BeanPostProcessorChecker : Bean 'zeebe.client-io.camunda.zeebe.spring.client.properties.ZeebeClientConfigurationProperties' of type [io.camunda.zeebe.spring.client.properties.ZeebeClientConfigurationProperties] is not eligible for getting processed by all BeanPostProcessors (for example: not eligible for auto-proxying). Is this bean getting eagerly injected into a currently created BeanPostProcessor [zeebeAnnotationProcessorRegistry]? Check the corresponding BeanPostProcessor declaration and its dependencies.
2024-07-24T11:30:16.410+02:00  WARN 879589 --- [           main] trationDelegate$BeanPostProcessorChecker : Bean 'io.camunda.zeebe.spring.client.configuration.ZeebeClientAllAutoConfiguration' of type [io.camunda.zeebe.spring.client.configuration.ZeebeClientAllAutoConfiguration] is not eligible for getting processed by all BeanPostProcessors (for example: not eligible for auto-proxying). Is this bean getting eagerly injected into a currently created BeanPostProcessor [zeebeAnnotationProcessorRegistry]? Check the corresponding BeanPostProcessor declaration and its dependencies.
2024-07-24T11:30:16.413+02:00  WARN 879589 --- [           main] trationDelegate$BeanPostProcessorChecker : Bean 'zeebeClientExecutorService' of type [io.camunda.zeebe.spring.client.jobhandling.ZeebeClientExecutorService] is not eligible for getting processed by all BeanPostProcessors (for example: not eligible for auto-proxying). Is this bean getting eagerly injected into a currently created BeanPostProcessor [zeebeAnnotationProcessorRegistry]? Check the corresponding BeanPostProcessor declaration and its dependencies.
2024-07-24T11:30:16.418+02:00  WARN 879589 --- [           main] trationDelegate$BeanPostProcessorChecker : Bean 'commandExceptionHandlingStrategy' of type [io.camunda.zeebe.spring.client.jobhandling.DefaultCommandExceptionHandlingStrategy] is not eligible for getting processed by all BeanPostProcessors (for example: not eligible for auto-proxying). Is this bean getting eagerly injected into a currently created BeanPostProcessor [zeebeAnnotationProcessorRegistry]? Check the corresponding BeanPostProcessor declaration and its dependencies.
2024-07-24T11:30:16.420+02:00  WARN 879589 --- [           main] trationDelegate$BeanPostProcessorChecker : Bean 'io.camunda.zeebe.spring.client.CamundaAutoConfiguration' of type [io.camunda.zeebe.spring.client.CamundaAutoConfiguration$$SpringCGLIB$$0] is not eligible for getting processed by all BeanPostProcessors (for example: not eligible for auto-proxying). Is this bean getting eagerly injected into a currently created BeanPostProcessor [zeebeAnnotationProcessorRegistry]? Check the corresponding BeanPostProcessor declaration and its dependencies.
2024-07-24T11:30:16.426+02:00  WARN 879589 --- [           main] trationDelegate$BeanPostProcessorChecker : Bean 'io.camunda.connector.runtime.OutboundConnectorsAutoConfiguration' of type [io.camunda.connector.runtime.OutboundConnectorsAutoConfiguration] is not eligible for getting processed by all BeanPostProcessors (for example: not eligible for auto-proxying). Is this bean getting eagerly injected into a currently created BeanPostProcessor [zeebeAnnotationProcessorRegistry]? Check the corresponding BeanPostProcessor declaration and its dependencies.
2024-07-24T11:30:16.752+02:00  INFO 879589 --- [           main] org.camunda.feel.FeelEngine              : Engine created. [value-mapper: CompositeValueMapper(List(org.camunda.feel.impl.JavaValueMapper@42dd7d82)), function-provider: io.camunda.connector.feel.FeelConnectorFunctionProvider@f793f15, clock: SystemClock, configuration: {externalFunctionsEnabled: false}]
2024-07-24T11:30:16.999+02:00  INFO 879589 --- [           main] org.camunda.feel.FeelEngine              : Engine created. [value-mapper: CompositeValueMapper(List(org.camunda.feel.impl.JavaValueMapper@59c08cf1)), function-provider: io.camunda.connector.feel.FeelConnectorFunctionProvider@45f0038, clock: SystemClock, configuration: {externalFunctionsEnabled: false}]
2024-07-24T11:30:17.021+02:00  WARN 879589 --- [           main] trationDelegate$BeanPostProcessorChecker : Bean 'objectMapper' of type [com.fasterxml.jackson.databind.json.JsonMapper] is not eligible for getting processed by all BeanPostProcessors (for example: not eligible for auto-proxying). Is this bean getting eagerly injected into a currently created BeanPostProcessor [zeebeAnnotationProcessorRegistry]? Check the corresponding BeanPostProcessor declaration and its dependencies.
2024-07-24T11:30:17.024+02:00  WARN 879589 --- [           main] trationDelegate$BeanPostProcessorChecker : Bean 'zeebeJsonMapper' of type [io.camunda.zeebe.client.impl.ZeebeObjectMapper] is not eligible for getting processed by all BeanPostProcessors (for example: not eligible for auto-proxying). Is this bean getting eagerly injected into a currently created BeanPostProcessor [zeebeAnnotationProcessorRegistry]? Check the corresponding BeanPostProcessor declaration and its dependencies.
2024-07-24T11:30:17.026+02:00  WARN 879589 --- [           main] trationDelegate$BeanPostProcessorChecker : Bean 'io.camunda.zeebe.spring.client.configuration.ZeebeActuatorConfiguration' of type [io.camunda.zeebe.spring.client.configuration.ZeebeActuatorConfiguration] is not eligible for getting processed by all BeanPostProcessors (for example: not eligible for auto-proxying). Is this bean getting eagerly injected into a currently created BeanPostProcessor [zeebeAnnotationProcessorRegistry]? Check the corresponding BeanPostProcessor declaration and its dependencies.
2024-07-24T11:30:17.117+02:00  INFO 879589 --- [           main] i.c.z.s.c.a.MicrometerMetricsRecorder    : Enabling Micrometer based metrics for spring-zeebe (available via Actuator)
2024-07-24T11:30:17.119+02:00  WARN 879589 --- [           main] trationDelegate$BeanPostProcessorChecker : Bean 'micrometerMetricsRecorder' of type [io.camunda.zeebe.spring.client.actuator.MicrometerMetricsRecorder] is not eligible for getting processed by all BeanPostProcessors (for example: not eligible for auto-proxying). Is this bean getting eagerly injected into a currently created BeanPostProcessor [zeebeAnnotationProcessorRegistry]? Check the corresponding BeanPostProcessor declaration and its dependencies.
2024-07-24T11:30:17.126+02:00  WARN 879589 --- [           main] trationDelegate$BeanPostProcessorChecker : Bean 'jobWorkerManager' of type [io.camunda.zeebe.spring.client.jobhandling.JobWorkerManager] is not eligible for getting processed by all BeanPostProcessors (for example: not eligible for auto-proxying). Is this bean getting eagerly injected into a currently created BeanPostProcessor [zeebeAnnotationProcessorRegistry]? Check the corresponding BeanPostProcessor declaration and its dependencies.
2024-07-24T11:30:17.146+02:00  WARN 879589 --- [           main] trationDelegate$BeanPostProcessorChecker : Bean 'outboundConnectorFactory' of type [io.camunda.connector.runtime.core.outbound.DefaultOutboundConnectorFactory] is not eligible for getting processed by all BeanPostProcessors (for example: not eligible for auto-proxying). Is this bean getting eagerly injected into a currently created BeanPostProcessor [zeebeAnnotationProcessorRegistry]? Check the corresponding BeanPostProcessor declaration and its dependencies.
2024-07-24T11:30:17.150+02:00  INFO 879589 --- [           main] .c.c.r.e.SpringEnvironmentSecretProvider : No prefix has been configured, all environment variables are available as connector secrets
2024-07-24T11:30:17.150+02:00  WARN 879589 --- [           main] trationDelegate$BeanPostProcessorChecker : Bean 'defaultSecretProvider' of type [io.camunda.connector.runtime.env.SpringEnvironmentSecretProvider] is not eligible for getting processed by all BeanPostProcessors (for example: not eligible for auto-proxying). Is this bean getting eagerly injected into a currently created BeanPostProcessor [zeebeAnnotationProcessorRegistry]? Check the corresponding BeanPostProcessor declaration and its dependencies.
2024-07-24T11:30:17.154+02:00  WARN 879589 --- [           main] trationDelegate$BeanPostProcessorChecker : Bean 'springSecretProviderAggregator' of type [io.camunda.connector.runtime.core.secret.SecretProviderAggregator] is not eligible for getting processed by all BeanPostProcessors (for example: not eligible for auto-proxying). Is this bean getting eagerly injected into a currently created BeanPostProcessor [zeebeAnnotationProcessorRegistry]? Check the corresponding BeanPostProcessor declaration and its dependencies.
2024-07-24T11:30:17.162+02:00  WARN 879589 --- [           main] trationDelegate$BeanPostProcessorChecker : Bean 'outboundConnectorManager' of type [io.camunda.connector.runtime.outbound.lifecycle.OutboundConnectorManager] is not eligible for getting processed by all BeanPostProcessors (for example: not eligible for auto-proxying). Is this bean getting eagerly injected into a currently created BeanPostProcessor [zeebeAnnotationProcessorRegistry]? Check the corresponding BeanPostProcessor declaration and its dependencies.
2024-07-24T11:30:17.167+02:00  WARN 879589 --- [           main] trationDelegate$BeanPostProcessorChecker : Bean 'annotationProcessor' of type [io.camunda.connector.runtime.outbound.lifecycle.OutboundConnectorAnnotationProcessor] is not eligible for getting processed by all BeanPostProcessors (for example: not eligible for auto-proxying). Is this bean getting eagerly injected into a currently created BeanPostProcessor [zeebeAnnotationProcessorRegistry]? Check the corresponding BeanPostProcessor declaration and its dependencies.
2024-07-24T11:30:17.170+02:00  WARN 879589 --- [           main] trationDelegate$BeanPostProcessorChecker : Bean 'deploymentPostProcessor' of type [io.camunda.zeebe.spring.client.annotation.processor.ZeebeDeploymentAnnotationProcessor] is not eligible for getting processed by all BeanPostProcessors (for example: not eligible for auto-proxying). Is this bean getting eagerly injected into a currently created BeanPostProcessor [zeebeAnnotationProcessorRegistry]? Check the corresponding BeanPostProcessor declaration and its dependencies.
2024-07-24T11:30:17.175+02:00  WARN 879589 --- [           main] trationDelegate$BeanPostProcessorChecker : Bean 'propertyBasedZeebeWorkerValueCustomizer' of type [io.camunda.zeebe.spring.client.properties.PropertyBasedZeebeWorkerValueCustomizer] is not eligible for getting processed by all BeanPostProcessors (for example: not eligible for auto-proxying). Is this bean getting eagerly injected into a currently created BeanPostProcessor [zeebeAnnotationProcessorRegistry]? Check the corresponding BeanPostProcessor declaration and its dependencies.
2024-07-24T11:30:17.181+02:00  WARN 879589 --- [           main] trationDelegate$BeanPostProcessorChecker : Bean 'zeebeWorkerPostProcessor' of type [io.camunda.zeebe.spring.client.annotation.processor.ZeebeWorkerAnnotationProcessor] is not eligible for getting processed by all BeanPostProcessors (for example: not eligible for auto-proxying). Is this bean getting eagerly injected into a currently created BeanPostProcessor [zeebeAnnotationProcessorRegistry]? Check the corresponding BeanPostProcessor declaration and its dependencies.
2024-07-24T11:30:17.476+02:00  INFO 879589 --- [           main] o.s.b.w.embedded.tomcat.TomcatWebServer  : Tomcat initialized with port 8080 (http)
2024-07-24 11:30:17 5.15.0 INFO Initializing ProtocolHandler ["http-nio-8080"] 
2024-07-24 11:30:17 5.15.0 INFO Starting service [Tomcat] 
2024-07-24 11:30:17 5.15.0 INFO Starting Servlet engine: [Apache Tomcat/10.1.19] 
2024-07-24 11:30:17 5.15.0 INFO Initializing Spring embedded WebApplicationContext 
2024-07-24T11:30:17.601+02:00  INFO 879589 --- [           main] w.s.c.ServletWebServerApplicationContext : Root WebApplicationContext: initialization completed in 2707 ms
2024-07-24T11:30:17.769+02:00  INFO 879589 --- [           main] c.a.p.ZeebeDeploymentAnnotationProcessor : Configuring deployment: ZeebeDeploymentValue{resources=[classpath*:/processes/**/*.bpmn], beanInfo=io.camunda.zeebe.spring.client.bean.ClassInfo@3487947c}
2024-07-24T11:30:18.074+02:00  WARN 879589 --- [           main] o.s.b.a.m.MustacheAutoConfiguration      : Cannot find template location: classpath:/templates/ (please add some templates, check your Mustache configuration, or set spring.mustache.check-template-location=false)
2024-07-24T11:30:18.087+02:00  INFO 879589 --- [           main] org.camunda.feel.FeelEngine              : Engine created. [value-mapper: CompositeValueMapper(List(org.camunda.feel.impl.JavaValueMapper@7187078a)), function-provider: io.camunda.connector.feel.FeelConnectorFunctionProvider@6e612122, clock: SystemClock, configuration: {externalFunctionsEnabled: false}]
2024-07-24T11:30:18.194+02:00 ERROR 879589 --- [           main] i.c.c.auth.DefaultNoopAuthentication     : Unable to determine authentication. Please check your configuration
2024-07-24T11:30:18.610+02:00  INFO 879589 --- [           main] org.ehcache.core.EhcacheManager          : Cache 'tokenCache' created in EhcacheManager.
2024-07-24T11:30:18.893+02:00  INFO 879589 --- [           main] o.s.b.a.e.web.EndpointLinksResolver      : Exposing 1 endpoint(s) beneath base path '/actuator'
2024-07-24 11:30:19 5.15.0 INFO Starting ProtocolHandler ["http-nio-8080"] 
2024-07-24T11:30:19.073+02:00  INFO 879589 --- [           main] o.s.b.w.embedded.tomcat.TomcatWebServer  : Tomcat started on port 8080 (http) with context path ''
2024-07-24T11:30:19.092+02:00  INFO 879589 --- [           main] za.co.telkom.bpmn.test.PushTest          : Started PushTest in 4.918 seconds (process running for 6.883)
2024-07-24T11:30:19.224+02:00  INFO 879589 --- [           main] i.c.z.s.test.ZeebeTestExecutionListener  : Create Zeebe in-memory engine for test run on random port: 13415...
2024-07-24T11:30:19.473+02:00  INFO 879589 --- [    zb-actors-6] io.camunda.zeebe.logstreams              : Recovered state of partition 1 from snapshot at position -1
2024-07-24T11:30:19.508+02:00  INFO 879589 --- [    zb-actors-6] org.camunda.feel.FeelEngine              : Engine created. [value-mapper: CompositeValueMapper(List(io.camunda.zeebe.feel.impl.MessagePackValueMapper@293d0b7b)), function-provider: io.camunda.zeebe.feel.impl.FeelFunctionProvider@2658b978, clock: io.camunda.zeebe.engine.processing.bpmn.clock.ZeebeFeelEngineClock@2486249a, configuration: {externalFunctionsEnabled: false}]
2024-07-24T11:30:19.559+02:00  INFO 879589 --- [    zb-actors-6] org.camunda.dmn.DmnEngine                : DMN-Engine created. [value-mapper: CompositeValueMapper(List(io.camunda.zeebe.feel.impl.MessagePackValueMapper@3217080b)), function-provider: org.camunda.feel.context.FunctionProvider$EmptyFunctionProvider$@20bcc9aa, audit-loggers: List(), configuration: Configuration(false,false,false)]
2024-07-24T11:30:19.564+02:00  INFO 879589 --- [    zb-actors-6] org.camunda.feel.FeelEngine              : Engine created. [value-mapper: CompositeValueMapper(List(org.camunda.dmn.NoUnpackValueMapper@575161ed)), function-provider: org.camunda.feel.context.FunctionProvider$EmptyFunctionProvider$@20bcc9aa, clock: SystemClock, configuration: {externalFunctionsEnabled: false}]
2024-07-24T11:30:19.618+02:00  INFO 879589 --- [    zb-actors-6] org.camunda.dmn.DmnEngine                : DMN-Engine created. [value-mapper: CompositeValueMapper(List(io.camunda.zeebe.feel.impl.MessagePackValueMapper@114dfb1e)), function-provider: org.camunda.feel.context.FunctionProvider$EmptyFunctionProvider$@20bcc9aa, audit-loggers: List(), configuration: Configuration(false,false,false)]
2024-07-24T11:30:19.619+02:00  INFO 879589 --- [    zb-actors-6] org.camunda.feel.FeelEngine              : Engine created. [value-mapper: CompositeValueMapper(List(org.camunda.dmn.NoUnpackValueMapper@3cbfaa4a)), function-provider: org.camunda.feel.context.FunctionProvider$EmptyFunctionProvider$@20bcc9aa, clock: SystemClock, configuration: {externalFunctionsEnabled: false}]
2024-07-24T11:30:19.650+02:00  INFO 879589 --- [    zb-actors-6] org.camunda.dmn.DmnEngine                : DMN-Engine created. [value-mapper: CompositeValueMapper(List(io.camunda.zeebe.feel.impl.MessagePackValueMapper@45410f6f)), function-provider: org.camunda.feel.context.FunctionProvider$EmptyFunctionProvider$@20bcc9aa, audit-loggers: List(), configuration: Configuration(false,false,false)]
2024-07-24T11:30:19.651+02:00  INFO 879589 --- [    zb-actors-6] org.camunda.feel.FeelEngine              : Engine created. [value-mapper: CompositeValueMapper(List(org.camunda.dmn.NoUnpackValueMapper@41fda11c)), function-provider: org.camunda.feel.context.FunctionProvider$EmptyFunctionProvider$@20bcc9aa, clock: SystemClock, configuration: {externalFunctionsEnabled: false}]
2024-07-24T11:30:19.654+02:00  INFO 879589 --- [    zb-actors-6] org.camunda.feel.FeelEngine              : Engine created. [value-mapper: CompositeValueMapper(List(io.camunda.zeebe.feel.impl.MessagePackValueMapper@799c5adc)), function-provider: io.camunda.zeebe.feel.impl.FeelFunctionProvider@7b131824, clock: io.camunda.zeebe.engine.processing.bpmn.clock.ZeebeFeelEngineClock@767efa32, configuration: {externalFunctionsEnabled: false}]
2024-07-24T11:30:19.685+02:00  INFO 879589 --- [    zb-actors-6] org.camunda.feel.FeelEngine              : Engine created. [value-mapper: CompositeValueMapper(List(io.camunda.zeebe.feel.impl.MessagePackValueMapper@56f02ea8)), function-provider: io.camunda.zeebe.feel.impl.FeelFunctionProvider@47986aec, clock: io.camunda.zeebe.engine.processing.bpmn.clock.ZeebeFeelEngineClock@583b4f70, configuration: {externalFunctionsEnabled: false}]
2024-07-24T11:30:19.687+02:00  INFO 879589 --- [    zb-actors-6] org.camunda.feel.FeelEngine              : Engine created. [value-mapper: CompositeValueMapper(List(io.camunda.zeebe.feel.impl.MessagePackValueMapper@2b8771af)), function-provider: io.camunda.zeebe.feel.impl.FeelFunctionProvider@5fa003ea, clock: io.camunda.zeebe.engine.processing.bpmn.clock.ZeebeFeelEngineClock@3d4773e8, configuration: {externalFunctionsEnabled: false}]
2024-07-24T11:30:19.715+02:00  INFO 879589 --- [    zb-actors-6] org.camunda.dmn.DmnEngine                : DMN-Engine created. [value-mapper: CompositeValueMapper(List(io.camunda.zeebe.feel.impl.MessagePackValueMapper@423e0b5)), function-provider: org.camunda.feel.context.FunctionProvider$EmptyFunctionProvider$@20bcc9aa, audit-loggers: List(), configuration: Configuration(false,false,false)]
2024-07-24T11:30:19.716+02:00  INFO 879589 --- [    zb-actors-6] org.camunda.feel.FeelEngine              : Engine created. [value-mapper: CompositeValueMapper(List(org.camunda.dmn.NoUnpackValueMapper@285d6050)), function-provider: org.camunda.feel.context.FunctionProvider$EmptyFunctionProvider$@20bcc9aa, clock: SystemClock, configuration: {externalFunctionsEnabled: false}]
2024-07-24T11:30:19.776+02:00  INFO 879589 --- [    zb-actors-6] io.camunda.zeebe.processor               : Processor starts replay of events. [snapshot-position: -1, replay-mode: PROCESSING]
2024-07-24T11:30:19.780+02:00  INFO 879589 --- [           main] z.s.t.AbstractZeebeTestExecutionListener : Test engine setup. Now starting deployments and workers...
2024-07-24T11:30:19.778+02:00  INFO 879589 --- [    zb-actors-6] io.camunda.zeebe.processor               : Processor finished replay, with [lastProcessedPosition: -1, lastWrittenPosition: -1]
2024-07-24T11:30:19.890+02:00  INFO 879589 --- [           main] org.camunda.feel.FeelEngine              : Engine created. [value-mapper: CompositeValueMapper(List(org.camunda.feel.impl.JavaValueMapper@75e068dc)), function-provider: io.camunda.connector.feel.FeelConnectorFunctionProvider@437a4e61, clock: SystemClock, configuration: {externalFunctionsEnabled: false}]
2024-07-24T11:30:19.969+02:00  INFO 879589 --- [           main] i.c.z.s.c.jobhandling.JobWorkerManager   : . Starting Zeebe worker: ZeebeWorkerValue{type='io.camunda:http-json:1', name='HTTP REST', timeout=null, maxJobsActive=null, requestTimeout=null, pollInterval=null, autoComplete=true, fetchVariables=[url, method, authentication, headers, queryParameters, connectionTimeoutInSeconds, readTimeoutInSeconds, writeTimeoutInSeconds, body], enabled=null, methodInfo=null}
2024-07-24T11:30:20.843+02:00  INFO 879589 --- [           main] c.a.p.ZeebeDeploymentAnnotationProcessor : Deployed: <process-view-bill-so-far:1>
2024-07-24T11:30:20.845+02:00  INFO 879589 --- [           main] z.s.t.AbstractZeebeTestExecutionListener : ...deployments and workers started.
2024-07-24T11:30:21.862+02:00  INFO 879589 --- [erver-EventLog0] org.mockserver.log.MockServerEventLog    : 2020 creating expectation:

  {
    "httpRequest" : {
      "method" : "GET",
      "path" : "/financial-summary/api/v1/ban-number/123456790"
    },
    "httpResponse" : {
      "statusCode" : 200,
      "headers" : {
        "Content-Type" : [ "application/json; charset=utf-8" ],
        "Cache-Control" : [ "public, max-age=86400" ]
      },
      "body" : "hello"
    },
    "id" : "3a7d5cd5-fe09-47a3-9549-0a582c899ec5",
    "priority" : 0,
    "timeToLive" : {
      "unlimited" : true
    },
    "times" : {
      "unlimited" : true
    }
  }

 with id:

  3a7d5cd5-fe09-47a3-9549-0a582c899ec5

2024-07-24T11:30:21.883+02:00  INFO 879589 --- [erver-EventLog0] org.mockserver.log.MockServerEventLog    : 2020 creating expectation:

  {
    "httpRequest" : {
      "method" : "GET",
      "path" : "/products/api/v1/ban-number/123456790"
    },
    "httpResponse" : {
      "statusCode" : 200,
      "headers" : {
        "Content-Type" : [ "application/json; charset=utf-8" ],
        "Cache-Control" : [ "public, max-age=86400" ]
      },
      "body" : "hello"
    },
    "id" : "2ae5b0ee-2e8a-43f9-b505-40b6ac9973a2",
    "priority" : 0,
    "timeToLive" : {
      "unlimited" : true
    },
    "times" : {
      "unlimited" : true
    }
  }

 with id:

  2ae5b0ee-2e8a-43f9-b505-40b6ac9973a2

2024-07-24T11:30:21.887+02:00  INFO 879589 --- [           main] za.co.telkom.bpmn.test.PushTest          : Step 1 : Start Process
2024-07-24T11:30:22.135+02:00  INFO 879589 --- [pool-6-thread-1] i.c.c.r.c.outbound.ConnectorJobHandler   : Received job: 2251799813685278 for tenant: 
2024-07-24T11:30:22.173+02:00  INFO 879589 --- [pool-6-thread-1] org.camunda.feel.FeelEngine              : Engine created. [value-mapper: CompositeValueMapper(List(org.camunda.feel.impl.JavaValueMapper@1df04d41)), function-provider: io.camunda.connector.feel.FeelConnectorFunctionProvider@6e9ca652, clock: SystemClock, configuration: {externalFunctionsEnabled: false}]
2024-07-24T11:30:22.436+02:00  INFO 879589 --- [erver-EventLog0] org.mockserver.log.MockServerEventLog    : 2020 received request:

  {
    "method" : "GET",
    "path" : "/financial-summary/api/v1/ban-number/123456790",
    "headers" : {
      "content-length" : [ "0" ],
      "User-Agent" : [ "Google-HTTP-Java-Client/1.43.3 (gzip)" ],
      "Host" : [ "localhost:2020" ],
      "Connection" : [ "Keep-Alive" ],
      "Accept-Encoding" : [ "gzip" ]
    },
    "keepAlive" : true,
    "secure" : false,
    "protocol" : "HTTP_1_1",
    "localAddress" : "127.0.0.1:2020",
    "remoteAddress" : "127.0.0.1:57410"
  }

2024-07-24T11:30:22.439+02:00  INFO 879589 --- [erver-EventLog0] org.mockserver.log.MockServerEventLog    : 2020 request:

  {
    "method" : "GET",
    "path" : "/financial-summary/api/v1/ban-number/123456790",
    "headers" : {
      "content-length" : [ "0" ],
      "User-Agent" : [ "Google-HTTP-Java-Client/1.43.3 (gzip)" ],
      "Host" : [ "localhost:2020" ],
      "Connection" : [ "Keep-Alive" ],
      "Accept-Encoding" : [ "gzip" ]
    },
    "keepAlive" : true,
    "secure" : false,
    "protocol" : "HTTP_1_1",
    "localAddress" : "127.0.0.1:2020",
    "remoteAddress" : "127.0.0.1:57410"
  }

 matched expectation:

  {
    "httpRequest" : {
      "method" : "GET",
      "path" : "/financial-summary/api/v1/ban-number/123456790"
    },
    "httpResponse" : {
      "statusCode" : 200,
      "headers" : {
        "Content-Type" : [ "application/json; charset=utf-8" ],
        "Cache-Control" : [ "public, max-age=86400" ]
      },
      "body" : "hello"
    },
    "id" : "3a7d5cd5-fe09-47a3-9549-0a582c899ec5",
    "priority" : 0,
    "timeToLive" : {
      "unlimited" : true
    },
    "times" : {
      "unlimited" : true
    }
  }

2024-07-24T11:30:22.446+02:00  INFO 879589 --- [erver-EventLog0] org.mockserver.log.MockServerEventLog    : 2020 returning response:

  {
    "statusCode" : 200,
    "headers" : {
      "Content-Type" : [ "application/json; charset=utf-8" ],
      "Cache-Control" : [ "public, max-age=86400" ]
    },
    "body" : "hello"
  }

 for request:

  {
    "method" : "GET",
    "path" : "/financial-summary/api/v1/ban-number/123456790",
    "headers" : {
      "content-length" : [ "0" ],
      "User-Agent" : [ "Google-HTTP-Java-Client/1.43.3 (gzip)" ],
      "Host" : [ "localhost:2020" ],
      "Connection" : [ "Keep-Alive" ],
      "Accept-Encoding" : [ "gzip" ]
    },
    "keepAlive" : true,
    "secure" : false,
    "protocol" : "HTTP_1_1",
    "localAddress" : "127.0.0.1:2020",
    "remoteAddress" : "127.0.0.1:57410"
  }

 for action:

  {
    "statusCode" : 200,
    "headers" : {
      "Content-Type" : [ "application/json; charset=utf-8" ],
      "Cache-Control" : [ "public, max-age=86400" ]
    },
    "body" : "hello"
  }

 from expectation:

  3a7d5cd5-fe09-47a3-9549-0a582c899ec5

2024-07-24T11:30:22.683+02:00  INFO 879589 --- [pool-6-thread-1] i.c.c.r.c.outbound.ConnectorJobHandler   : Received job: 2251799813685290 for tenant: 
2024-07-24T11:30:22.709+02:00  INFO 879589 --- [erver-EventLog0] org.mockserver.log.MockServerEventLog    : 2020 received request:

  {
    "method" : "GET",
    "path" : "/products/api/v1/ban-number/123456790",
    "headers" : {
      "content-length" : [ "0" ],
      "User-Agent" : [ "Google-HTTP-Java-Client/1.43.3 (gzip)" ],
      "Host" : [ "localhost:2020" ],
      "Connection" : [ "Keep-Alive" ],
      "Accept-Encoding" : [ "gzip" ]
    },
    "keepAlive" : true,
    "secure" : false,
    "protocol" : "HTTP_1_1",
    "localAddress" : "127.0.0.1:2020",
    "remoteAddress" : "127.0.0.1:57410"
  }

2024-07-24T11:30:22.710+02:00  INFO 879589 --- [erver-EventLog0] org.mockserver.log.MockServerEventLog    : 2020 request:

  {
    "method" : "GET",
    "path" : "/products/api/v1/ban-number/123456790",
    "headers" : {
      "content-length" : [ "0" ],
      "User-Agent" : [ "Google-HTTP-Java-Client/1.43.3 (gzip)" ],
      "Host" : [ "localhost:2020" ],
      "Connection" : [ "Keep-Alive" ],
      "Accept-Encoding" : [ "gzip" ]
    },
    "keepAlive" : true,
    "secure" : false,
    "protocol" : "HTTP_1_1",
    "localAddress" : "127.0.0.1:2020",
    "remoteAddress" : "127.0.0.1:57410"
  }

 didn't match expectation:

  {
    "httpRequest" : {
      "method" : "GET",
      "path" : "/financial-summary/api/v1/ban-number/123456790"
    },
    "httpResponse" : {
      "statusCode" : 200,
      "headers" : {
        "Content-Type" : [ "application/json; charset=utf-8" ],
        "Cache-Control" : [ "public, max-age=86400" ]
      },
      "body" : "hello"
    },
    "id" : "3a7d5cd5-fe09-47a3-9549-0a582c899ec5",
    "priority" : 0,
    "timeToLive" : {
      "unlimited" : true
    },
    "times" : {
      "unlimited" : true
    }
  }

 because:

  method matched
  path didn't match

2024-07-24T11:30:22.712+02:00  INFO 879589 --- [erver-EventLog0] org.mockserver.log.MockServerEventLog    : 2020 request:

  {
    "method" : "GET",
    "path" : "/products/api/v1/ban-number/123456790",
    "headers" : {
      "content-length" : [ "0" ],
      "User-Agent" : [ "Google-HTTP-Java-Client/1.43.3 (gzip)" ],
      "Host" : [ "localhost:2020" ],
      "Connection" : [ "Keep-Alive" ],
      "Accept-Encoding" : [ "gzip" ]
    },
    "keepAlive" : true,
    "secure" : false,
    "protocol" : "HTTP_1_1",
    "localAddress" : "127.0.0.1:2020",
    "remoteAddress" : "127.0.0.1:57410"
  }

 matched expectation:

  {
    "httpRequest" : {
      "method" : "GET",
      "path" : "/products/api/v1/ban-number/123456790"
    },
    "httpResponse" : {
      "statusCode" : 200,
      "headers" : {
        "Content-Type" : [ "application/json; charset=utf-8" ],
        "Cache-Control" : [ "public, max-age=86400" ]
      },
      "body" : "hello"
    },
    "id" : "2ae5b0ee-2e8a-43f9-b505-40b6ac9973a2",
    "priority" : 0,
    "timeToLive" : {
      "unlimited" : true
    },
    "times" : {
      "unlimited" : true
    }
  }

2024-07-24T11:30:22.713+02:00  INFO 879589 --- [erver-EventLog0] org.mockserver.log.MockServerEventLog    : 2020 returning response:

  {
    "statusCode" : 200,
    "headers" : {
      "Content-Type" : [ "application/json; charset=utf-8" ],
      "Cache-Control" : [ "public, max-age=86400" ]
    },
    "body" : "hello"
  }

 for request:

  {
    "method" : "GET",
    "path" : "/products/api/v1/ban-number/123456790",
    "headers" : {
      "content-length" : [ "0" ],
      "User-Agent" : [ "Google-HTTP-Java-Client/1.43.3 (gzip)" ],
      "Host" : [ "localhost:2020" ],
      "Connection" : [ "Keep-Alive" ],
      "Accept-Encoding" : [ "gzip" ]
    },
    "keepAlive" : true,
    "secure" : false,
    "protocol" : "HTTP_1_1",
    "localAddress" : "127.0.0.1:2020",
    "remoteAddress" : "127.0.0.1:57410"
  }

 for action:

  {
    "statusCode" : 200,
    "headers" : {
      "Content-Type" : [ "application/json; charset=utf-8" ],
      "Cache-Control" : [ "public, max-age=86400" ]
    },
    "body" : "hello"
  }

 from expectation:

  2ae5b0ee-2e8a-43f9-b505-40b6ac9973a2

2024-07-24T11:30:22.867+02:00  INFO 879589 --- [    zb-actors-7] io.camunda.zeebe.logstreams              : Close appender for log stream null
2024-07-24T11:30:22.867+02:00  INFO 879589 --- [    zb-actors-7] i.c.zeebe.logstreams.impl.log.Sequencer  : Closing sequencer for writing
2024-07-24T11:30:22.868+02:00  INFO 879589 --- [    zb-actors-7] io.camunda.zeebe.logstreams              : On closing logstream null close 2 readers
]]></system-out>
    <system-err><![CDATA[WARNING: A Java agent has been loaded dynamically (/home/sulemamr/.m2/repository/net/bytebuddy/byte-buddy-agent/1.14.12/byte-buddy-agent-1.14.12.jar)
WARNING: If a serviceability tool is in use, please run with -XX:+EnableDynamicAgentLoading to hide this warning
WARNING: If a serviceability tool is not in use, please run with -Djdk.instrument.traceUsage for more information
WARNING: Dynamic loading of agents will be disallowed by default in a future release
]]></system-err>
  </testcase>
</testsuite>